#
# There is insufficient memory for the Java Runtime Environment to continue.
# Native memory allocation (malloc) failed to allocate 32744 bytes for Chunk::new
# Possible reasons:
#   The system is out of physical RAM or swap space
#   The process is running with CompressedOops enabled, and the Java Heap may be blocking the growth of the native heap
# Possible solutions:
#   Reduce memory load on the system
#   Increase physical memory or swap space
#   Check if swap backing store is full
#   Decrease Java heap size (-Xmx/-Xms)
#   Decrease number of Java threads
#   Decrease Java thread stack sizes (-Xss)
#   Set larger code cache with -XX:ReservedCodeCacheSize=
#   JVM is running with Unscaled Compressed Oops mode in which the Java heap is
#     placed in the first 4GB address space. The Java Heap base address is the
#     maximum limit for the native heap growth. Please use -XX:HeapBaseMinAddress
#     to set the Java Heap base and to place the Java Heap above 4GB virtual address.
# This output file may be truncated or incomplete.
#
#  Out of Memory Error (arena.cpp:184), pid=8956, tid=11656
#
# JRE version: Java(TM) SE Runtime Environment (20.0.2+9) (build 20.0.2+9-78)
# Java VM: Java HotSpot(TM) 64-Bit Server VM (20.0.2+9-78, mixed mode, emulated-client, sharing, tiered, compressed oops, compressed class ptrs, g1 gc, windows-amd64)
# No core dump will be written. Minidumps are not enabled by default on client versions of Windows
#

---------------  S U M M A R Y ------------

Command Line: -Dcom.sun.management.jmxremote -Dcom.sun.management.jmxremote.port=64039 -Dcom.sun.management.jmxremote.authenticate=false -Dcom.sun.management.jmxremote.ssl=false -Djava.rmi.server.hostname=localhost -Dspring.jmx.enabled=true -Dmanagement.endpoints.jmx.exposure.include=* -Dspring.application.admin.enabled=true -XX:TieredStopAtLevel=1 -Dspring.boot.project.name=HotelService -Dfile.encoding=UTF-8 -Dstdout.encoding=UTF-8 -Dstderr.encoding=UTF-8 -XX:+ShowCodeDetailsInExceptionMessages com.lcwd.hotel.service.HotelServiceApplication --spring.output.ansi.enabled=always

Host: Intel(R) Core(TM) i3-1005G1 CPU @ 1.20GHz, 4 cores, 3G,  Windows 11 , 64 bit Build 22621 (10.0.22621.3235)
Time: Mon Mar 18 04:03:22 2024 India Standard Time elapsed time: 0.872561 seconds (0d 0h 0m 0s)

---------------  T H R E A D  ---------------

Current thread (0x000001b5b0a0b4d0):  JavaThread "C1 CompilerThread0" daemon [_thread_in_native, id=11656, stack(0x000000b573100000,0x000000b573200000)]


Current CompileTask:
C1:    872  437       1       jdk.internal.org.objectweb.asm.Frame::execute (2305 bytes)

Stack: [0x000000b573100000,0x000000b573200000]
Native frames: (J=compiled Java code, j=interpreted, Vv=VM code, C=native code)
V  [jvm.dll+0x6bc25a]
V  [jvm.dll+0x84971a]
V  [jvm.dll+0x84b315]
V  [jvm.dll+0x84ba13]
V  [jvm.dll+0x280e4f]
V  [jvm.dll+0xc2ab1]
V  [jvm.dll+0xc2dd5]
V  [jvm.dll+0x15776b]
V  [jvm.dll+0x19d7c4]
V  [jvm.dll+0x19c184]
V  [jvm.dll+0x19c44a]
V  [jvm.dll+0x19ec3e]
V  [jvm.dll+0x1589f3]
V  [jvm.dll+0x1582e2]
V  [jvm.dll+0x158514]
V  [jvm.dll+0x157956]
V  [jvm.dll+0x15968d]
V  [jvm.dll+0x25a0eb]
V  [jvm.dll+0x2587c0]
V  [jvm.dll+0x3f2dd5]
V  [jvm.dll+0x7f5c76]
V  [jvm.dll+0x6baecb]
C  [ucrtbase.dll+0x29363]
C  [KERNEL32.DLL+0x1257d]
C  [ntdll.dll+0x5aa58]


---------------  P R O C E S S  ---------------

Threads class SMR info:
_java_thread_list=0x000001b5f5c70520, length=11, elements={
0x000001b5a02145a0, 0x000001b5b0a01930, 0x000001b5b0a034e0, 0x000001b5b0a06490,
0x000001b5b0a084c0, 0x000001b5b0a09a20, 0x000001b5b0a09f70, 0x000001b5b0a0b4d0,
0x000001b5b09d2710, 0x000001b5f5c5e040, 0x000001b5f5c9d460
}

Java Threads: ( => current thread )
  0x000001b5a02145a0 JavaThread "main" [_thread_in_Java, id=7860, stack(0x000000b572400000,0x000000b572500000)]
  0x000001b5b0a01930 JavaThread "Reference Handler" daemon [_thread_blocked, id=22056, stack(0x000000b572b00000,0x000000b572c00000)]
  0x000001b5b0a034e0 JavaThread "Finalizer" daemon [_thread_blocked, id=14812, stack(0x000000b572c00000,0x000000b572d00000)]
  0x000001b5b0a06490 JavaThread "Signal Dispatcher" daemon [_thread_blocked, id=19808, stack(0x000000b572d00000,0x000000b572e00000)]
  0x000001b5b0a084c0 JavaThread "Attach Listener" daemon [_thread_blocked, id=12544, stack(0x000000b572e00000,0x000000b572f00000)]
  0x000001b5b0a09a20 JavaThread "Service Thread" daemon [_thread_blocked, id=12476, stack(0x000000b572f00000,0x000000b573000000)]
  0x000001b5b0a09f70 JavaThread "Monitor Deflation Thread" daemon [_thread_blocked, id=20924, stack(0x000000b573000000,0x000000b573100000)]
=>0x000001b5b0a0b4d0 JavaThread "C1 CompilerThread0" daemon [_thread_in_native, id=11656, stack(0x000000b573100000,0x000000b573200000)]
  0x000001b5b09d2710 JavaThread "Common-Cleaner" daemon [_thread_blocked, id=21444, stack(0x000000b573200000,0x000000b573300000)]
  0x000001b5f5c5e040 JavaThread "C1 CompilerThread1" daemon [_thread_in_native, id=10756, stack(0x000000b573300000,0x000000b573400000)]
  0x000001b5f5c9d460 JavaThread "Notification Thread" daemon [_thread_blocked, id=21476, stack(0x000000b573400000,0x000000b573500000)]

Other Threads:
  0x000001b5b09e6170 VMThread "VM Thread" [stack: 0x000000b572a00000,0x000000b572b00000] [id=11572]
  0x000001b5a0255440 WorkerThread "GC Thread#0" [stack: 0x000000b572500000,0x000000b572600000] [id=22260]
  0x000001b5a025e390 ConcurrentGCThread "G1 Main Marker" [stack: 0x000000b572600000,0x000000b572700000] [id=17196]
  0x000001b5a025ecc0 WorkerThread "G1 Conc#0" [stack: 0x000000b572700000,0x000000b572800000] [id=12252]
  0x000001b5a02b4530 ConcurrentGCThread "G1 Refine#0" [stack: 0x000000b572800000,0x000000b572900000] [id=11884]
  0x000001b5a02b6af0 ConcurrentGCThread "G1 Service" [stack: 0x000000b572900000,0x000000b572a00000] [id=20492]

Threads with active compile tasks:
C1 CompilerThread0      987  437       1       jdk.internal.org.objectweb.asm.Frame::execute (2305 bytes)

VM state: not at safepoint (normal execution)

VM Mutex/Monitor currently owned by a thread: None

Heap address: 0x00000000c4000000, size: 960 MB, Compressed Oops mode: 32-bit

CDS archive(s) mapped at: [0x000001b5b0c00000-0x000001b5b1860000-0x000001b5b1860000), size 12976128, SharedBaseAddress: 0x000001b5b0c00000, ArchiveRelocationMode: 1.
Compressed class space mapped at: 0x000001b5b1c00000-0x000001b5f1c00000, reserved size: 1073741824
Narrow klass base: 0x000001b5b0c00000, Narrow klass shift: 0, Narrow klass range: 0x100000000

GC Precious Log:
 CardTable entry size: 512
 Card Set container configuration: InlinePtr #cards 5 size 8 Array Of Cards #cards 12 size 40 Howl #buckets 4 coarsen threshold 1843 Howl Bitmap #cards 512 size 80 coarsen threshold 460 Card regions per heap region 1 cards per card region 2048
 CPUs: 4 total, 4 available
 Memory: 3835M
 Large Page Support: Disabled
 NUMA Support: Disabled
 Compressed Oops: Enabled (32-bit)
 Heap Region Size: 1M
 Heap Min Capacity: 8M
 Heap Initial Capacity: 60M
 Heap Max Capacity: 960M
 Pre-touch: Disabled
 Parallel Workers: 4
 Concurrent Workers: 1
 Concurrent Refinement Workers: 4
 Periodic GC: Disabled

Heap:
 garbage-first heap   total 61440K, used 12288K [0x00000000c4000000, 0x0000000100000000)
  region size 1024K, 11 young (11264K), 0 survivors (0K)
 Metaspace       used 2215K, committed 2368K, reserved 1114112K
  class space    used 258K, committed 320K, reserved 1048576K

Heap Regions: E=young(eden), S=young(survivor), O=old, HS=humongous(starts), HC=humongous(continues), CS=collection set, F=free, OA=open archive, CA=closed archive, TAMS=top-at-mark-start, PB=parsable bottom
|   0|0x00000000c4000000, 0x00000000c4100000, 0x00000000c4100000|100%|HS|  |TAMS 0x00000000c4000000| PB 0x00000000c4000000| Complete 
|   1|0x00000000c4100000, 0x00000000c4200000, 0x00000000c4200000|100%|HS|  |TAMS 0x00000000c4100000| PB 0x00000000c4100000| Complete 
|   2|0x00000000c4200000, 0x00000000c4300000, 0x00000000c4300000|100%|HS|  |TAMS 0x00000000c4200000| PB 0x00000000c4200000| Complete 
|   3|0x00000000c4300000, 0x00000000c4300000, 0x00000000c4400000|  0%| F|  |TAMS 0x00000000c4300000| PB 0x00000000c4300000| Untracked 
|   4|0x00000000c4400000, 0x00000000c4400000, 0x00000000c4500000|  0%| F|  |TAMS 0x00000000c4400000| PB 0x00000000c4400000| Untracked 
|   5|0x00000000c4500000, 0x00000000c4500000, 0x00000000c4600000|  0%| F|  |TAMS 0x00000000c4500000| PB 0x00000000c4500000| Untracked 
|   6|0x00000000c4600000, 0x00000000c4600000, 0x00000000c4700000|  0%| F|  |TAMS 0x00000000c4600000| PB 0x00000000c4600000| Untracked 
|   7|0x00000000c4700000, 0x00000000c4700000, 0x00000000c4800000|  0%| F|  |TAMS 0x00000000c4700000| PB 0x00000000c4700000| Untracked 
|   8|0x00000000c4800000, 0x00000000c4800000, 0x00000000c4900000|  0%| F|  |TAMS 0x00000000c4800000| PB 0x00000000c4800000| Untracked 
|   9|0x00000000c4900000, 0x00000000c4900000, 0x00000000c4a00000|  0%| F|  |TAMS 0x00000000c4900000| PB 0x00000000c4900000| Untracked 
|  10|0x00000000c4a00000, 0x00000000c4a00000, 0x00000000c4b00000|  0%| F|  |TAMS 0x00000000c4a00000| PB 0x00000000c4a00000| Untracked 
|  11|0x00000000c4b00000, 0x00000000c4b00000, 0x00000000c4c00000|  0%| F|  |TAMS 0x00000000c4b00000| PB 0x00000000c4b00000| Untracked 
|  12|0x00000000c4c00000, 0x00000000c4c00000, 0x00000000c4d00000|  0%| F|  |TAMS 0x00000000c4c00000| PB 0x00000000c4c00000| Untracked 
|  13|0x00000000c4d00000, 0x00000000c4d00000, 0x00000000c4e00000|  0%| F|  |TAMS 0x00000000c4d00000| PB 0x00000000c4d00000| Untracked 
|  14|0x00000000c4e00000, 0x00000000c4e00000, 0x00000000c4f00000|  0%| F|  |TAMS 0x00000000c4e00000| PB 0x00000000c4e00000| Untracked 
|  15|0x00000000c4f00000, 0x00000000c4f00000, 0x00000000c5000000|  0%| F|  |TAMS 0x00000000c4f00000| PB 0x00000000c4f00000| Untracked 
|  16|0x00000000c5000000, 0x00000000c5000000, 0x00000000c5100000|  0%| F|  |TAMS 0x00000000c5000000| PB 0x00000000c5000000| Untracked 
|  17|0x00000000c5100000, 0x00000000c5100000, 0x00000000c5200000|  0%| F|  |TAMS 0x00000000c5100000| PB 0x00000000c5100000| Untracked 
|  18|0x00000000c5200000, 0x00000000c5200000, 0x00000000c5300000|  0%| F|  |TAMS 0x00000000c5200000| PB 0x00000000c5200000| Untracked 
|  19|0x00000000c5300000, 0x00000000c5300000, 0x00000000c5400000|  0%| F|  |TAMS 0x00000000c5300000| PB 0x00000000c5300000| Untracked 
|  20|0x00000000c5400000, 0x00000000c5400000, 0x00000000c5500000|  0%| F|  |TAMS 0x00000000c5400000| PB 0x00000000c5400000| Untracked 
|  21|0x00000000c5500000, 0x00000000c5500000, 0x00000000c5600000|  0%| F|  |TAMS 0x00000000c5500000| PB 0x00000000c5500000| Untracked 
|  22|0x00000000c5600000, 0x00000000c5600000, 0x00000000c5700000|  0%| F|  |TAMS 0x00000000c5600000| PB 0x00000000c5600000| Untracked 
|  23|0x00000000c5700000, 0x00000000c5700000, 0x00000000c5800000|  0%| F|  |TAMS 0x00000000c5700000| PB 0x00000000c5700000| Untracked 
|  24|0x00000000c5800000, 0x00000000c5800000, 0x00000000c5900000|  0%| F|  |TAMS 0x00000000c5800000| PB 0x00000000c5800000| Untracked 
|  25|0x00000000c5900000, 0x00000000c5900000, 0x00000000c5a00000|  0%| F|  |TAMS 0x00000000c5900000| PB 0x00000000c5900000| Untracked 
|  26|0x00000000c5a00000, 0x00000000c5a00000, 0x00000000c5b00000|  0%| F|  |TAMS 0x00000000c5a00000| PB 0x00000000c5a00000| Untracked 
|  27|0x00000000c5b00000, 0x00000000c5b00000, 0x00000000c5c00000|  0%| F|  |TAMS 0x00000000c5b00000| PB 0x00000000c5b00000| Untracked 
|  28|0x00000000c5c00000, 0x00000000c5c00000, 0x00000000c5d00000|  0%| F|  |TAMS 0x00000000c5c00000| PB 0x00000000c5c00000| Untracked 
|  29|0x00000000c5d00000, 0x00000000c5d00000, 0x00000000c5e00000|  0%| F|  |TAMS 0x00000000c5d00000| PB 0x00000000c5d00000| Untracked 
|  30|0x00000000c5e00000, 0x00000000c5e00000, 0x00000000c5f00000|  0%| F|  |TAMS 0x00000000c5e00000| PB 0x00000000c5e00000| Untracked 
|  31|0x00000000c5f00000, 0x00000000c5f00000, 0x00000000c6000000|  0%| F|  |TAMS 0x00000000c5f00000| PB 0x00000000c5f00000| Untracked 
|  32|0x00000000c6000000, 0x00000000c6000000, 0x00000000c6100000|  0%| F|  |TAMS 0x00000000c6000000| PB 0x00000000c6000000| Untracked 
|  33|0x00000000c6100000, 0x00000000c6100000, 0x00000000c6200000|  0%| F|  |TAMS 0x00000000c6100000| PB 0x00000000c6100000| Untracked 
|  34|0x00000000c6200000, 0x00000000c6200000, 0x00000000c6300000|  0%| F|  |TAMS 0x00000000c6200000| PB 0x00000000c6200000| Untracked 
|  35|0x00000000c6300000, 0x00000000c6300000, 0x00000000c6400000|  0%| F|  |TAMS 0x00000000c6300000| PB 0x00000000c6300000| Untracked 
|  36|0x00000000c6400000, 0x00000000c6400000, 0x00000000c6500000|  0%| F|  |TAMS 0x00000000c6400000| PB 0x00000000c6400000| Untracked 
|  37|0x00000000c6500000, 0x00000000c6500000, 0x00000000c6600000|  0%| F|  |TAMS 0x00000000c6500000| PB 0x00000000c6500000| Untracked 
|  38|0x00000000c6600000, 0x00000000c6600000, 0x00000000c6700000|  0%| F|  |TAMS 0x00000000c6600000| PB 0x00000000c6600000| Untracked 
|  39|0x00000000c6700000, 0x00000000c6700000, 0x00000000c6800000|  0%| F|  |TAMS 0x00000000c6700000| PB 0x00000000c6700000| Untracked 
|  40|0x00000000c6800000, 0x00000000c6800000, 0x00000000c6900000|  0%| F|  |TAMS 0x00000000c6800000| PB 0x00000000c6800000| Untracked 
|  41|0x00000000c6900000, 0x00000000c6900000, 0x00000000c6a00000|  0%| F|  |TAMS 0x00000000c6900000| PB 0x00000000c6900000| Untracked 
|  42|0x00000000c6a00000, 0x00000000c6a00000, 0x00000000c6b00000|  0%| F|  |TAMS 0x00000000c6a00000| PB 0x00000000c6a00000| Untracked 
|  43|0x00000000c6b00000, 0x00000000c6b00000, 0x00000000c6c00000|  0%| F|  |TAMS 0x00000000c6b00000| PB 0x00000000c6b00000| Untracked 
|  44|0x00000000c6c00000, 0x00000000c6c00000, 0x00000000c6d00000|  0%| F|  |TAMS 0x00000000c6c00000| PB 0x00000000c6c00000| Untracked 
|  45|0x00000000c6d00000, 0x00000000c6d00000, 0x00000000c6e00000|  0%| F|  |TAMS 0x00000000c6d00000| PB 0x00000000c6d00000| Untracked 
|  46|0x00000000c6e00000, 0x00000000c6e00000, 0x00000000c6f00000|  0%| F|  |TAMS 0x00000000c6e00000| PB 0x00000000c6e00000| Untracked 
|  47|0x00000000c6f00000, 0x00000000c6f00000, 0x00000000c7000000|  0%| F|  |TAMS 0x00000000c6f00000| PB 0x00000000c6f00000| Untracked 
|  48|0x00000000c7000000, 0x00000000c7000000, 0x00000000c7100000|  0%| F|  |TAMS 0x00000000c7000000| PB 0x00000000c7000000| Untracked 
|  49|0x00000000c7100000, 0x00000000c7200000, 0x00000000c7200000|100%| E|  |TAMS 0x00000000c7100000| PB 0x00000000c7100000| Complete 
|  50|0x00000000c7200000, 0x00000000c7300000, 0x00000000c7300000|100%| E|CS|TAMS 0x00000000c7200000| PB 0x00000000c7200000| Complete 
|  51|0x00000000c7300000, 0x00000000c7400000, 0x00000000c7400000|100%| E|CS|TAMS 0x00000000c7300000| PB 0x00000000c7300000| Complete 
|  52|0x00000000c7400000, 0x00000000c7500000, 0x00000000c7500000|100%| E|  |TAMS 0x00000000c7400000| PB 0x00000000c7400000| Complete 
|  53|0x00000000c7500000, 0x00000000c7600000, 0x00000000c7600000|100%| E|CS|TAMS 0x00000000c7500000| PB 0x00000000c7500000| Complete 
|  54|0x00000000c7600000, 0x00000000c7700000, 0x00000000c7700000|100%| E|CS|TAMS 0x00000000c7600000| PB 0x00000000c7600000| Complete 
|  55|0x00000000c7700000, 0x00000000c7800000, 0x00000000c7800000|100%| E|CS|TAMS 0x00000000c7700000| PB 0x00000000c7700000| Complete 
|  56|0x00000000c7800000, 0x00000000c7900000, 0x00000000c7900000|100%| E|CS|TAMS 0x00000000c7800000| PB 0x00000000c7800000| Complete 
|  57|0x00000000c7900000, 0x00000000c7a00000, 0x00000000c7a00000|100%| E|CS|TAMS 0x00000000c7900000| PB 0x00000000c7900000| Complete 
|  58|0x00000000c7a00000, 0x00000000c7b00000, 0x00000000c7b00000|100%| E|CS|TAMS 0x00000000c7a00000| PB 0x00000000c7a00000| Complete 
|  59|0x00000000c7b00000, 0x00000000c7c00000, 0x00000000c7c00000|100%| E|CS|TAMS 0x00000000c7b00000| PB 0x00000000c7b00000| Complete 

Card table byte_map: [0x000001b5ad170000,0x000001b5ad350000] _byte_map_base: 0x000001b5acb50000

Marking Bits: (CMBitMap*) 0x000001b5a0255970
 Bits: [0x000001b5ad530000, 0x000001b5ae430000)

Polling page: 0x000001b5a02c0000

Metaspace:

Usage:
  Non-class:      1.92 MB used.
      Class:    259.66 KB used.
       Both:      2.17 MB used.

Virtual space:
  Non-class space:       64.00 MB reserved,       2.00 MB (  3%) committed,  1 nodes.
      Class space:        1.00 GB reserved,     320.00 KB ( <1%) committed,  1 nodes.
             Both:        1.06 GB reserved,       2.31 MB ( <1%) committed. 

Chunk freelists:
   Non-Class:  3.93 MB
       Class:  3.71 MB
        Both:  7.65 MB

MaxMetaspaceSize: unlimited
CompressedClassSpaceSize: 1.00 GB
Initial GC threshold: 21.00 MB
Current GC threshold: 21.00 MB
CDS: on
MetaspaceReclaimPolicy: balanced
 - commit_granule_bytes: 65536.
 - commit_granule_words: 8192.
 - virtual_space_node_default_size: 8388608.
 - enlarge_chunks_in_place: 1.
 - new_chunks_are_fully_committed: 0.
 - uncommit_free_chunks: 1.
 - use_allocation_guard: 0.


Internal statistics:

num_allocs_failed_limit: 0.
num_arena_births: 74.
num_arena_deaths: 0.
num_vsnodes_births: 2.
num_vsnodes_deaths: 0.
num_space_committed: 37.
num_space_uncommitted: 0.
num_chunks_returned_to_freelist: 0.
num_chunks_taken_from_freelist: 75.
num_chunk_merges: 0.
num_chunk_splits: 54.
num_chunks_enlarged: 34.
num_inconsistent_stats: 0.

CodeCache: size=49152Kb used=2803Kb max_used=2803Kb free=46348Kb
 bounds [0x000001b5a9ae0000, 0x000001b5a9da0000, 0x000001b5acae0000]
 total_blobs=1076 nmethods=668 adapters=333
 compilation: enabled
              stopped_count=0, restarted_count=0
 full_count=0

Compilation events (20 events):
Event: 0.841 Thread 0x000001b5f5c5e040  446       1       java.lang.CharacterData::of (136 bytes)
Event: 0.841 Thread 0x000001b5f5c5e040 nmethod 446 0x000001b5a9d53890 code [0x000001b5a9d53aa0, 0x000001b5a9d541d0]
Event: 0.842 Thread 0x000001b5f5c5e040  447       1       java.lang.StringLatin1::getChar (9 bytes)
Event: 0.842 Thread 0x000001b5f5c5e040 nmethod 447 0x000001b5a9d55010 code [0x000001b5a9d551a0, 0x000001b5a9d55278]
Event: 0.843 Thread 0x000001b5f5c5e040  448       1       java.lang.Character::toLowerCase (6 bytes)
Event: 0.843 Thread 0x000001b5f5c5e040 nmethod 448 0x000001b5a9d55310 code [0x000001b5a9d554a0, 0x000001b5a9d55598]
Event: 0.843 Thread 0x000001b5f5c5e040  450       1       java.lang.StringLatin1::compareToCI (108 bytes)
Event: 0.843 Thread 0x000001b5f5c5e040 nmethod 450 0x000001b5a9d55c90 code [0x000001b5a9d55e60, 0x000001b5a9d56150]
Event: 0.844 Thread 0x000001b5f5c5e040  449       1       java.lang.Character::toLowerCase (9 bytes)
Event: 0.844 Thread 0x000001b5f5c5e040 nmethod 449 0x000001b5a9d56390 code [0x000001b5a9d56520, 0x000001b5a9d56610]
Event: 0.844 Thread 0x000001b5f5c5e040  453       1       jdk.internal.org.objectweb.asm.ByteVector::put12 (64 bytes)
Event: 0.844 Thread 0x000001b5f5c5e040 nmethod 453 0x000001b5a9d56690 code [0x000001b5a9d56820, 0x000001b5a9d569b0]
Event: 0.844 Thread 0x000001b5f5c5e040  454       1       java.lang.invoke.LambdaForm$BasicType::basicTypeClass (5 bytes)
Event: 0.844 Thread 0x000001b5f5c5e040 nmethod 454 0x000001b5a9d56b10 code [0x000001b5a9d56c80, 0x000001b5a9d56d48]
Event: 0.844 Thread 0x000001b5f5c5e040  455       1       java.lang.String$CaseInsensitiveComparator::compare (13 bytes)
Event: 0.844 Thread 0x000001b5f5c5e040 nmethod 455 0x000001b5a9d56e10 code [0x000001b5a9d56fa0, 0x000001b5a9d570f8]
Event: 0.844 Thread 0x000001b5f5c5e040  456       1       java.lang.String$CaseInsensitiveComparator::compare (68 bytes)
Event: 0.845 Thread 0x000001b5f5c5e040 nmethod 456 0x000001b5a9d57190 code [0x000001b5a9d57360, 0x000001b5a9d57570]
Event: 0.845 Thread 0x000001b5f5c5e040  457       1       java.util.TreeMap$PrivateEntryIterator::hasNext (13 bytes)
Event: 0.845 Thread 0x000001b5f5c5e040 nmethod 457 0x000001b5a9d57710 code [0x000001b5a9d57880, 0x000001b5a9d57960]

GC Heap History (0 events):
No events

Dll operation events (8 events):
Event: 0.015 Loaded shared library C:\Program Files\Java\jdk-20\bin\java.dll
Event: 0.050 Loaded shared library C:\Program Files\Java\jdk-20\bin\jsvml.dll
Event: 0.405 Loaded shared library C:\Program Files\Java\jdk-20\bin\jimage.dll
Event: 0.433 Loaded shared library C:\Program Files\Java\jdk-20\bin\net.dll
Event: 0.436 Loaded shared library C:\Program Files\Java\jdk-20\bin\nio.dll
Event: 0.444 Loaded shared library C:\Program Files\Java\jdk-20\bin\zip.dll
Event: 0.732 Loaded shared library C:\Program Files\Java\jdk-20\bin\management.dll
Event: 0.759 Loaded shared library C:\Program Files\Java\jdk-20\bin\management_ext.dll

Deoptimization events (0 events):
No events

Classes loaded (20 events):
Event: 0.840 Loading class com/sun/jmx/mbeanserver/MBeanAnalyzer$MBeanVisitor
Event: 0.840 Loading class com/sun/jmx/mbeanserver/MBeanAnalyzer$MBeanVisitor done
Event: 0.840 Loading class com/sun/jmx/mbeanserver/MBeanIntrospector$MBeanInfoMaker done
Event: 0.841 Loading class javax/management/openmbean/OpenMBeanAttributeInfoSupport
Event: 0.841 Loading class javax/management/openmbean/OpenMBeanAttributeInfo
Event: 0.841 Loading class javax/management/openmbean/OpenMBeanParameterInfo
Event: 0.841 Loading class javax/management/openmbean/OpenMBeanParameterInfo done
Event: 0.841 Loading class javax/management/openmbean/OpenMBeanAttributeInfo done
Event: 0.841 Loading class javax/management/openmbean/OpenMBeanAttributeInfoSupport done
Event: 0.844 Loading class com/sun/jmx/mbeanserver/PerInterface
Event: 0.845 Loading class com/sun/jmx/mbeanserver/PerInterface done
Event: 0.845 Loading class com/sun/jmx/mbeanserver/PerInterface$InitMaps
Event: 0.845 Loading class com/sun/jmx/mbeanserver/PerInterface$InitMaps done
Event: 0.845 Loading class com/sun/jmx/mbeanserver/MXBeanLookup
Event: 0.845 Loading class com/sun/jmx/mbeanserver/MXBeanLookup done
Event: 0.845 Loading class com/sun/jmx/mbeanserver/WeakIdentityHashMap
Event: 0.846 Loading class com/sun/jmx/mbeanserver/WeakIdentityHashMap done
Event: 0.846 Loading class com/sun/jmx/mbeanserver/WeakIdentityHashMap$IdentityWeakReference
Event: 0.846 Loading class com/sun/jmx/mbeanserver/WeakIdentityHashMap$IdentityWeakReference done
Event: 0.846 Loading class com/sun/management/internal/HotSpotThreadImpl

Classes unloaded (0 events):
No events

Classes redefined (0 events):
No events

Internal exceptions (3 events):
Event: 0.766 Thread 0x000001b5a02145a0 Exception <a 'java/lang/NoSuchMethodError'{0x00000000c7235b60}: 'int java.lang.invoke.DirectMethodHandle$Holder.invokeInterface(java.lang.Object, java.lang.Object)'> (0x00000000c7235b60) 
thrown [s\open\src\hotspot\share\interpreter\linkResolver.cpp, line 773]
Event: 0.767 Thread 0x000001b5a02145a0 Exception <a 'java/lang/IncompatibleClassChangeError'{0x00000000c7238f48}: Found class java.lang.Object, but interface was expected> (0x00000000c7238f48) 
thrown [s\open\src\hotspot\share\interpreter\linkResolver.cpp, line 840]
Event: 0.771 Thread 0x000001b5a02145a0 Exception <a 'java/lang/NoSuchMethodError'{0x00000000c723ece0}: 'void java.lang.invoke.DirectMethodHandle$Holder.invokeStatic(java.lang.Object, java.lang.Object)'> (0x00000000c723ece0) 
thrown [s\open\src\hotspot\share\interpreter\linkResolver.cpp, line 773]

VM Operations (6 events):
Event: 0.365 Executing VM operation: HandshakeAllThreads
Event: 0.365 Executing VM operation: HandshakeAllThreads done
Event: 0.781 Executing VM operation: HandshakeAllThreads
Event: 0.781 Executing VM operation: HandshakeAllThreads done
Event: 0.783 Executing VM operation: HandshakeAllThreads
Event: 0.783 Executing VM operation: HandshakeAllThreads done

Events (11 events):
Event: 0.052 Thread 0x000001b5a02145a0 Thread added: 0x000001b5a02145a0
Event: 0.072 Thread 0x000001b5b0a01930 Thread added: 0x000001b5b0a01930
Event: 0.073 Thread 0x000001b5b0a034e0 Thread added: 0x000001b5b0a034e0
Event: 0.073 Thread 0x000001b5b0a06490 Thread added: 0x000001b5b0a06490
Event: 0.073 Thread 0x000001b5b0a084c0 Thread added: 0x000001b5b0a084c0
Event: 0.073 Thread 0x000001b5b0a09a20 Thread added: 0x000001b5b0a09a20
Event: 0.073 Thread 0x000001b5b0a09f70 Thread added: 0x000001b5b0a09f70
Event: 0.074 Thread 0x000001b5b0a0b4d0 Thread added: 0x000001b5b0a0b4d0
Event: 0.350 Thread 0x000001b5b09d2710 Thread added: 0x000001b5b09d2710
Event: 0.365 Thread 0x000001b5f5c5e040 Thread added: 0x000001b5f5c5e040
Event: 0.394 Thread 0x000001b5f5c9d460 Thread added: 0x000001b5f5c9d460


Dynamic libraries:
0x00007ff721bf0000 - 0x00007ff721c00000 	C:\Program Files\Java\jdk-20\bin\javaw.exe
0x00007ff955270000 - 0x00007ff955486000 	C:\WINDOWS\SYSTEM32\ntdll.dll
0x00007ff953590000 - 0x00007ff953654000 	C:\WINDOWS\System32\KERNEL32.DLL
0x00007ff952a00000 - 0x00007ff952da6000 	C:\WINDOWS\System32\KERNELBASE.dll
0x00007ff9528e0000 - 0x00007ff9529f1000 	C:\WINDOWS\System32\ucrtbase.dll
0x00007ff94c3c0000 - 0x00007ff94c3d9000 	C:\Program Files\Java\jdk-20\bin\jli.dll
0x00007ff9380d0000 - 0x00007ff9380eb000 	C:\Program Files\Java\jdk-20\bin\VCRUNTIME140.dll
0x00007ff954e70000 - 0x00007ff954f22000 	C:\WINDOWS\System32\ADVAPI32.dll
0x00007ff953660000 - 0x00007ff953707000 	C:\WINDOWS\System32\msvcrt.dll
0x00007ff955180000 - 0x00007ff955228000 	C:\WINDOWS\System32\sechost.dll
0x00007ff952f90000 - 0x00007ff952fb8000 	C:\WINDOWS\System32\bcrypt.dll
0x00007ff954780000 - 0x00007ff954895000 	C:\WINDOWS\System32\RPCRT4.dll
0x00007ff9544c0000 - 0x00007ff95466d000 	C:\WINDOWS\System32\USER32.dll
0x00007ff952840000 - 0x00007ff952866000 	C:\WINDOWS\System32\win32u.dll
0x00007ff954d50000 - 0x00007ff954d79000 	C:\WINDOWS\System32\GDI32.dll
0x00007ff9525b0000 - 0x00007ff9526c8000 	C:\WINDOWS\System32\gdi32full.dll
0x00007ff93ad00000 - 0x00007ff93af93000 	C:\WINDOWS\WinSxS\amd64_microsoft.windows.common-controls_6595b64144ccf1df_6.0.22621.3235_none_270f74e173860f98\COMCTL32.dll
0x00007ff952e30000 - 0x00007ff952eca000 	C:\WINDOWS\System32\msvcp_win.dll
0x00007ff94b860000 - 0x00007ff94b86a000 	C:\WINDOWS\SYSTEM32\VERSION.dll
0x00007ff952fc0000 - 0x00007ff952ff1000 	C:\WINDOWS\System32\IMM32.DLL
0x00007ff939fd0000 - 0x00007ff939fdc000 	C:\Program Files\Java\jdk-20\bin\vcruntime140_1.dll
0x00007ff915a90000 - 0x00007ff915b1e000 	C:\Program Files\Java\jdk-20\bin\msvcp140.dll
0x00007ff914380000 - 0x00007ff915018000 	C:\Program Files\Java\jdk-20\bin\server\jvm.dll
0x00007ff9358e0000 - 0x00007ff9358e9000 	C:\WINDOWS\SYSTEM32\WSOCK32.dll
0x00007ff94a2e0000 - 0x00007ff94a314000 	C:\WINDOWS\SYSTEM32\WINMM.dll
0x00007ff954f40000 - 0x00007ff954fb1000 	C:\WINDOWS\System32\WS2_32.dll
0x00007ff9515b0000 - 0x00007ff9515c8000 	C:\WINDOWS\SYSTEM32\kernel.appcore.dll
0x00007ff94f380000 - 0x00007ff94f38a000 	C:\Program Files\Java\jdk-20\bin\jimage.dll
0x00007ff94fdf0000 - 0x00007ff950023000 	C:\WINDOWS\SYSTEM32\DBGHELP.DLL
0x00007ff9548a0000 - 0x00007ff954c28000 	C:\WINDOWS\System32\combase.dll
0x00007ff953710000 - 0x00007ff9537e7000 	C:\WINDOWS\System32\OLEAUT32.dll
0x00007ff948ff0000 - 0x00007ff949022000 	C:\WINDOWS\SYSTEM32\dbgcore.DLL
0x00007ff952db0000 - 0x00007ff952e2a000 	C:\WINDOWS\System32\bcryptPrimitives.dll
0x00007ff9489c0000 - 0x00007ff9489e6000 	C:\Program Files\Java\jdk-20\bin\java.dll
0x00007ff927d40000 - 0x00007ff927e17000 	C:\Program Files\Java\jdk-20\bin\jsvml.dll
0x00007ff953c50000 - 0x00007ff9544ad000 	C:\WINDOWS\System32\SHELL32.dll
0x00007ff9504c0000 - 0x00007ff950db8000 	C:\WINDOWS\SYSTEM32\windows.storage.dll
0x00007ff950380000 - 0x00007ff9504be000 	C:\WINDOWS\SYSTEM32\wintypes.dll
0x00007ff954c30000 - 0x00007ff954d23000 	C:\WINDOWS\System32\SHCORE.dll
0x00007ff954d80000 - 0x00007ff954dde000 	C:\WINDOWS\System32\shlwapi.dll
0x00007ff9524e0000 - 0x00007ff952506000 	C:\WINDOWS\SYSTEM32\profapi.dll
0x00007ff9486b0000 - 0x00007ff9486c3000 	C:\Program Files\Java\jdk-20\bin\net.dll
0x00007ff94ac70000 - 0x00007ff94ada7000 	C:\WINDOWS\SYSTEM32\WINHTTP.dll
0x00007ff951a30000 - 0x00007ff951a99000 	C:\WINDOWS\system32\mswsock.dll
0x00007ff9475c0000 - 0x00007ff9475d6000 	C:\Program Files\Java\jdk-20\bin\nio.dll
0x00007ff94a790000 - 0x00007ff94a7a8000 	C:\Program Files\Java\jdk-20\bin\zip.dll
0x00007ff94f470000 - 0x00007ff94f47a000 	C:\Program Files\Java\jdk-20\bin\management.dll
0x00007ff94f3c0000 - 0x00007ff94f3cb000 	C:\Program Files\Java\jdk-20\bin\management_ext.dll
0x00007ff9537f0000 - 0x00007ff9537f8000 	C:\WINDOWS\System32\PSAPI.DLL

dbghelp: loaded successfully - version: 4.0.5 - missing functions: none
symbol engine: initialized successfully - sym options: 0x614 - pdb path: .;C:\Program Files\Java\jdk-20\bin;C:\WINDOWS\SYSTEM32;C:\WINDOWS\WinSxS\amd64_microsoft.windows.common-controls_6595b64144ccf1df_6.0.22621.3235_none_270f74e173860f98;C:\Program Files\Java\jdk-20\bin\server

VM Arguments:
jvm_args: -Dcom.sun.management.jmxremote -Dcom.sun.management.jmxremote.port=64039 -Dcom.sun.management.jmxremote.authenticate=false -Dcom.sun.management.jmxremote.ssl=false -Djava.rmi.server.hostname=localhost -Dspring.jmx.enabled=true -Dmanagement.endpoints.jmx.exposure.include=* -Dspring.application.admin.enabled=true -XX:TieredStopAtLevel=1 -Dspring.boot.project.name=HotelService -Dfile.encoding=UTF-8 -Dstdout.encoding=UTF-8 -Dstderr.encoding=UTF-8 -XX:+ShowCodeDetailsInExceptionMessages 
java_command: com.lcwd.hotel.service.HotelServiceApplication --spring.output.ansi.enabled=always
java_class_path (initial): C:\MicroSevices\HotelService\target\classes;C:\Users\naeem\.m2\repository\org\springframework\cloud\spring-cloud-starter-netflix-eureka-client\4.1.0\spring-cloud-starter-netflix-eureka-client-4.1.0.jar;C:\Users\naeem\.m2\repository\org\springframework\cloud\spring-cloud-starter\4.1.0\spring-cloud-starter-4.1.0.jar;C:\Users\naeem\.m2\repository\org\springframework\cloud\spring-cloud-context\4.1.0\spring-cloud-context-4.1.0.jar;C:\Users\naeem\.m2\repository\org\springframework\security\spring-security-crypto\6.2.2\spring-security-crypto-6.2.2.jar;C:\Users\naeem\.m2\repository\org\springframework\cloud\spring-cloud-commons\4.1.0\spring-cloud-commons-4.1.0.jar;C:\Users\naeem\.m2\repository\org\springframework\security\spring-security-rsa\1.1.1\spring-security-rsa-1.1.1.jar;C:\Users\naeem\.m2\repository\org\bouncycastle\bcprov-jdk18on\1.74\bcprov-jdk18on-1.74.jar;C:\Users\naeem\.m2\repository\org\springframework\cloud\spring-cloud-netflix-eureka-client\4.1.0\spring-cloud-netflix-eureka-client-4.1.0.jar;C:\Users\naeem\.m2\repository\org\apache\httpcomponents\client5\httpclient5\5.2.3\httpclient5-5.2.3.jar;C:\Users\naeem\.m2\repository\org\apache\httpcomponents\core5\httpcore5\5.2.4\httpcore5-5.2.4.jar;C:\Users\naeem\.m2\repository\org\apache\httpcomponents\core5\httpcore5-h2\5.2.4\httpcore5-h2-5.2.4.jar;C:\Users\naeem\.m2\repository\com\netflix\eureka\eureka-client\2.0.1\eureka-client-2.0.1.jar;C:\Users\naeem\.m2\repository\com\netflix\netflix-commons\netflix-eventbus\0.3.0\netflix-eventbus-0.3.0.jar;C:\Users\naeem\.m2\repository\com\netflix\netflix-commons\netflix-infix\0.3.0\netflix-infix-0.3.0.jar;C:\Users\naeem\.m2\repository\commons-jxpath\commons-jxpath\1.3\commons-jxpath-1.3.jar;C:\Users\naeem\.m2\repository\joda-time\joda-time\2.3\joda-time-2.3.jar;C:\Users\naeem\.m2\repository\org\antlr\antlr-runtime\3.4\antlr-runtime-3.4.jar;C:\Users\naeem\.m2\repository\org\antlr\stringtemplate\3.2.1\stringtemplate-3.2.1.jar;C:\Users\naeem\.m2\repository\antlr\antlr\2.7.7\antlr-2.7.7.jar;C:\Users\naeem\.m2\repository\com\google\code\gson\gson\2.10.1\gson-2.10.1.jar;C:\Users\naeem\.m2\repository\org\apache\commons\commons-math\2.2\commons-math-2.2.jar;C:\Users\naeem\.m2\repository\com\thoughtworks\xstream\xstream\1.4.19\xstream-1.4.19.jar;C:\Users\naeem\.m2\repository\io\github\x-stream\mxparser\1.2.2\mxparser-1.2.2.jar;C:\Users\naeem\.m2\repository\xmlpull\xmlpull\1.1.3.1\xmlpull-1.1.3.1.jar;C:\Users\naeem\.m2\repository\jakarta\ws\rs\jakarta.ws.rs-api\3.1.0\jakarta.ws.rs-api-3.1.0.jar;C:\Users\naeem\.m2\repository\jakarta\inject\jakarta.inject-api\2.0.1\jakarta.inject-api-2.0.1.jar;C:\Users\naeem\.m2\repository\jakarta\annotation\jakarta.annotation-api\2.1.1\jakarta.annotation-api-2.1.1.jar;C:\Users\naeem\.m2\repository\com\netflix\servo\servo-core\0.12.21\servo-core-0.12.21.jar;C:\Users\naeem\.m2\repository\com\google\guava\guava\19.0\guava-19.0.jar;C:\Users\naeem\.m2\repository\org\apache\httpcomponents\httpclient\4.5.3\httpclient-4.5.3.jar;C:\Users\naeem\.m2\repository\org\apache\httpcomponents\httpcore\4.4.16\httpcore-4.4.16.jar;C:\Users\naeem\.m2\repository\commons-codec\commons-codec\1.16.1\commons-codec-1.16.1.jar;C:\Users\naeem\.m2\repository\commons-configuration\commons-configuration\1.10\commons-configuration-1.10.jar;C:\Users\naeem\.m2\repository\commons-lang\commons-lang\2.6\commons-lang-2.6.jar;C:\Users\naeem\.m2\repository\com\fasterxml\jackson\core\jackson-annotations\2.15.4\jackson-annotations-2.15.4.jar;C:\Users\naeem\.m2\repository\com\fasterxml\jackson\core\jackson-core\2.15.4\jackson-core-2.15.4.jar;C:\Users\naeem\.m2\repository\com\fasterxml\jackson\core\jackson-databind\2.15.4\jackson-databind-2.15.4.jar;C:\Users\naeem\.m2\repository\org\codehaus\jettison\jettison\1.4.0\jettison-1.4.0.jar;C:\Users\naeem\.m2\repository\com\netflix\eureka\eureka-core\2.0.1\eureka-core-2.0.1.jar;C:\Users\naeem\.m2\repository\com\fasterxml\woodstox\woodstox-core\6.2.1\woodstox-core-6.2.1.jar;C:\Users\naeem\.m2\repository\org\codehaus\woodstox\stax2-api\4.2.1\stax2-api-4.2.1.jar;C:\Users\naeem\.m2\repository\org\springframework\cloud\spring-cloud-starter-loadbalancer\4.1.0\spring-cloud-starter-loadbalancer-4.1.0.jar;C:\Users\naeem\.m2\repository\org\springframework\cloud\spring-cloud-loadbalancer\4.1.0\spring-cloud-loadbalancer-4.1.0.jar;C:\Users\naeem\.m2\repository\io\projectreactor\reactor-core\3.6.3\reactor-core-3.6.3.jar;C:\Users\naeem\.m2\repository\org\reactivestreams\reactive-streams\1.0.4\reactive-streams-1.0.4.jar;C:\Users\naeem\.m2\repository\io\projectreactor\addons\reactor-extra\3.5.1\reactor-extra-3.5.1.jar;C:\Users\naeem\.m2\repository\org\springframework\boot\spring-boot-starter-cache\3.2.3\spring-boot-starter-cache-3.2.3.jar;C:\Users\naeem\.m2\repository\org\springframework\spring-context-support\6.1.4\spring-context-support-6.1.4.jar;C:\Users\naeem\.m2\repository\com\stoyanr\evictor\1.0.0\evictor-1.0.0.jar;C:\Users\naeem\.m2\repository\org\springframework\boot\spring-boot-starter-data-jpa\3.2.3\spring-boot-starter-data-jpa-3.2.3.jar;C:\Users\naeem\.m2\repository\org\springframework\boot\spring-boot-starter-aop\3.2.3\spring-boot-starter-aop-3.2.3.jar;C:\Users\naeem\.m2\repository\org\springframework\spring-aop\6.1.4\spring-aop-6.1.4.jar;C:\Users\naeem\.m2\repository\org\aspectj\aspectjweaver\1.9.21\aspectjweaver-1.9.21.jar;C:\Users\naeem\.m2\repository\org\springframework\boot\spring-boot-starter-jdbc\3.2.3\spring-boot-starter-jdbc-3.2.3.jar;C:\Users\naeem\.m2\repository\com\zaxxer\HikariCP\5.0.1\HikariCP-5.0.1.jar;C:\Users\naeem\.m2\repository\org\springframework\spring-jdbc\6.1.4\spring-jdbc-6.1.4.jar;C:\Users\naeem\.m2\repository\org\hibernate\orm\hibernate-core\6.4.4.Final\hibernate-core-6.4.4.Final.jar;C:\Users\naeem\.m2\repository\jakarta\persistence\jakarta.persistence-api\3.1.0\jakarta.persistence-api-3.1.0.jar;C:\Users\naeem\.m2\repository\jakarta\transaction\jakarta.transaction-api\2.0.1\jakarta.transaction-api-2.0.1.jar;C:\Users\naeem\.m2\repository\org\jboss\logging\jboss-logging\3.5.3.Final\jboss-logging-3.5.3.Final.jar;C:\Users\naeem\.m2\repository\org\hibernate\common\hibernate-commons-annotations\6.0.6.Final\hibernate-commons-annotations-6.0.6.Final.jar;C:\Users\naeem\.m2\repository\io\smallrye\jandex\3.1.2\jandex-3.1.2.jar;C:\Users\naeem\.m2\repository\com\fasterxml\classmate\1.6.0\classmate-1.6.0.jar;C:\Users\naeem\.m2\repository\net\bytebuddy\byte-buddy\1.14.12\byte-buddy-1.14.12.jar;C:\Users\naeem\.m2\repository\org\glassfish\jaxb\jaxb-runtime\4.0.4\jaxb-runtime-4.0.4.jar;C:\Users\naeem\.m2\repository\org\glassfish\jaxb\jaxb-core\4.0.4\jaxb-core-4.0.4.jar;C:\Users\naeem\.m2\repository\org\eclipse\angus\angus-activation\2.0.1\angus-activation-2.0.1.jar;C:\Users\naeem\.m2\repository\org\glassfish\jaxb\txw2\4.0.4\txw2-4.0.4.jar;C:\Users\naeem\.m2\repository\com\sun\istack\istack-commons-runtime\4.1.2\istack-commons-runtime-4.1.2.jar;C:\Users\naeem\.m2\repository\org\antlr\antlr4-runtime\4.13.0\antlr4-runtime-4.13.0.jar;C:\Users\naeem\.m2\repository\org\springframework\data\spring-data-jpa\3.2.3\spring-data-jpa-3.2.3.jar;C:\Users\naeem\.m2\repository\org\springframework\data\spring-data-commons\3.2.3\spring-data-commons-3.2.3.jar;C:\Users\naeem\.m2\repository\org\springframework\spring-orm\6.1.4\spring-orm-6.1.4.jar;C:\Users\naeem\.m2\repository\org\springframework\spring-context\6.1.4\spring-context-6.1.4.jar;C:\Users\naeem\.m2\repository\org\springframework\spring-tx\6.1.4\spring-tx-6.1.4.jar;C:\Users\naeem\.m2\repository\org\springframework\spring-beans\6.1.4\spring-beans-6.1.4.jar;C:\Users\naeem\.m2\repository\org\slf4j\slf4j-api\2.0.12\slf4j-api-2.0.12.jar;C:\Users\naeem\.m2\repository\org\springframework\spring-aspects\6.1.4\spring-aspects-6.1.4.jar;C:\Users\naeem\.m2\repository\org\springframework\boot\spring-boot-starter-web\3.2.3\spring-boot-starter-web-3.2.3.jar;C:\Users\naeem\.m2\repository\org\springframework\boot\spring-boot-starter\3.2.3\spring-boot-starter-3.2.3.jar;C:\Users\naeem\.m2\repository\org\springframework\boot\spring-boot-starter-logging\3.2.3\spring-boot-starter-logging-3.2.3.jar;C:\Users\naeem\.m2\repository\ch\qos\logback\logback-classic\1.4.14\logback-classic-1.4.14.jar;C:\Users\naeem\.m2\repository\ch\qos\logback\logback-core\1.4.14\logback-core-1.4.14.jar;C:\Users\naeem\.m2\repository\org\apache\logging\log4j\log4j-to-slf4j\2.21.1\log4j-to-slf4j-2.21.1.jar;C:\Users\naeem\.m2\repository\org\apache\logging\log4j\log4j-api\2.21.1\log4j-api-2.21.1.jar;C:\Users\naeem\.m2\repository\org\slf4j\jul-to-slf4j\2.0.12\jul-to-slf4j-2.0.12.jar;C:\Users\naeem\.m2\repository\org\yaml\snakeyaml\2.2\snakeyaml-2.2.jar;C:\Users\naeem\.m2\repository\org\springframework\boot\spring-boot-starter-json\3.2.3\spring-boot-starter-json-3.2.3.jar;C:\Users\naeem\.m2\repository\com\fasterxml\jackson\datatype\jackson-datatype-jdk8\2.15.4\jackson-datatype-jdk8-2.15.4.jar;C:\Users\naeem\.m2\repository\com\fasterxml\jackson\datatype\jackson-datatype-jsr310\2.15.4\jackson-datatype-jsr310-2.15.4.jar;C:\Users\naeem\.m2\repository\com\fasterxml\jackson\module\jackson-module-parameter-names\2.15.4\jackson-module-parameter-names-2.15.4.jar;C:\Users\naeem\.m2\repository\org\springframework\boot\spring-boot-starter-tomcat\3.2.3\spring-boot-starter-tomcat-3.2.3.jar;C:\Users\naeem\.m2\repository\org\apache\tomcat\embed\tomcat-embed-core\10.1.19\tomcat-embed-core-10.1.19.jar;C:\Users\naeem\.m2\repository\org\apache\tomcat\embed\tomcat-embed-el\10.1.19\tomcat-embed-el-10.1.19.jar;C:\Users\naeem\.m2\repository\org\apache\tomcat\embed\tomcat-embed-websocket\10.1.19\tomcat-embed-websocket-10.1.19.jar;C:\Users\naeem\.m2\repository\org\springframework\spring-web\6.1.4\spring-web-6.1.4.jar;C:\Users\naeem\.m2\repository\io\micrometer\micrometer-observation\1.12.3\micrometer-observation-1.12.3.jar;C:\Users\naeem\.m2\repository\io\micrometer\micrometer-commons\1.12.3\micrometer-commons-1.12.3.jar;C:\Users\naeem\.m2\repository\org\springframework\spring-webmvc\6.1.4\spring-webmvc-6.1.4.jar;C:\Users\naeem\.m2\repository\org\springframework\spring-expression\6.1.4\spring-expression-6.1.4.jar;C:\Users\naeem\.m2\repository\org\springframework\boot\spring-boot-devtools\3.2.3\spring-boot-devtools-3.2.3.jar;C:\Users\naeem\.m2\repository\org\springframework\boot\spring-boot\3.2.3\spring-boot-3.2.3.jar;C:\Users\naeem\.m2\repository\org\springframework\boot\spring-boot-autoconfigure\3.2.3\spring-boot-autoconfigure-3.2.3.jar;C:\Users\naeem\.m2\repository\org\postgresql\postgresql\42.6.1\postgresql-42.6.1.jar;C:\Users\naeem\.m2\repository\org\checkerframework\checker-qual\3.31.0\checker-qual-3.31.0.jar;C:\Users\naeem\.m2\repository\org\projectlombok\lombok\1.18.30\lombok-1.18.30.jar;C:\Users\naeem\.m2\repository\jakarta\xml\bind\jakarta.xml.bind-api\4.0.1\jakarta.xml.bind-api-4.0.1.jar;C:\Users\naeem\.m2\repository\jakarta\activation\jakarta.activation-api\2.1.2\jakarta.activation-api-2.1.2.jar;C:\Users\naeem\.m2\repository\org\springframework\spring-core\6.1.4\spring-core-6.1.4.jar;C:\Users\naeem\.m2\repository\org\springframework\spring-jcl\6.1.4\spring-jcl-6.1.4.jar
Launcher Type: SUN_STANDARD

[Global flags]
     intx CICompilerCount                          = 3                                         {product} {ergonomic}
     uint ConcGCThreads                            = 1                                         {product} {ergonomic}
     uint G1ConcRefinementThreads                  = 4                                         {product} {ergonomic}
   size_t G1HeapRegionSize                         = 1048576                                   {product} {ergonomic}
    uintx GCDrainStackTargetSize                   = 64                                        {product} {ergonomic}
   size_t InitialHeapSize                          = 62914560                                  {product} {ergonomic}
     bool ManagementServer                         = true                                      {product} {command line}
   size_t MarkStackSize                            = 4194304                                   {product} {ergonomic}
   size_t MaxHeapSize                              = 1006632960                                {product} {ergonomic}
   size_t MaxNewSize                               = 603979776                                 {product} {ergonomic}
   size_t MinHeapDeltaBytes                        = 1048576                                   {product} {ergonomic}
   size_t MinHeapSize                              = 8388608                                   {product} {ergonomic}
    uintx NonProfiledCodeHeapSize                  = 0                                      {pd product} {ergonomic}
     bool ProfileInterpreter                       = false                                  {pd product} {command line}
    uintx ProfiledCodeHeapSize                     = 0                                      {pd product} {ergonomic}
     bool ShowCodeDetailsInExceptionMessages       = true                                   {manageable} {command line}
   size_t SoftMaxHeapSize                          = 1006632960                             {manageable} {ergonomic}
     intx TieredStopAtLevel                        = 1                                         {product} {command line}
     bool UseCompressedClassPointers               = true                           {product lp64_product} {ergonomic}
     bool UseCompressedOops                        = true                           {product lp64_product} {ergonomic}
     bool UseG1GC                                  = true                                      {product} {ergonomic}
     bool UseLargePagesIndividualAllocation        = false                                  {pd product} {ergonomic}

Logging:
Log output configuration:
 #0: stdout all=warning uptime,level,tags foldmultilines=false
 #1: stderr all=off uptime,level,tags foldmultilines=false

Environment Variables:
CLASSPATH=C:\Program Files\Apache Software Foundation\Tomcat 9.0\lib\servlet-api.jar
PATH=C:/Program Files/Java/jdk-20/bin/server;C:/Program Files/Java/jdk-20/bin;C:\Windows\SysWOW64\wbem\WMIC.exe;C:\Program Files\Git\cmd;C:\Program Files\Git\mingw64\bin;"C:\Program Files (x86)\MySQL\mysql-connector-j-8.2.0\mysql-connector-j-8.2.0.jar;";C:\Program Files\nodejs\;C:\Program Files\MySQL\MySQL Shell 8.0\bin\;C:\Program Files\Java\jdk1.8.0_202\bin;C:\Users\OS\AppData\Local\Microsoft\WindowsApps;C:\Users\naeem\AppData\Roaming\npm;C:\Users\naeem\AppData\Local\Programs\Microsoft VS Code\bin;C:\Users\naeem\Downloads\apache-maven-3.9.6-bin.zip\apache-maven-3.9.6\bin;C:\Program Files (x86)\apache-maven-3.9.6-bin\apache-maven-3.9.6\bin;C:\Program Files\MongoDB\Server\7.0\bin;;C:\Users\naeem\OneDrive\Desktop;
USERNAME=naeem
OS=Windows_NT
PROCESSOR_IDENTIFIER=Intel64 Family 6 Model 126 Stepping 5, GenuineIntel
TMP=C:\Users\naeem\AppData\Local\Temp
TEMP=C:\Users\naeem\AppData\Local\Temp




---------------  S Y S T E M  ---------------

OS:
 Windows 11 , 64 bit Build 22621 (10.0.22621.3235)
OS uptime: 1 days 23:20 hours
Hyper-V role detected

CPU: total 4 (initial active 4) (2 cores per cpu, 2 threads per core) family 6 model 126 stepping 5 microcode 0xa6, cx8, cmov, fxsr, ht, mmx, 3dnowpref, sse, sse2, sse3, ssse3, sse4.1, sse4.2, popcnt, lzcnt, tsc, tscinvbit, avx, avx2, aes, erms, clmul, bmi1, bmi2, adx, avx512f, avx512dq, avx512cd, avx512bw, avx512vl, sha, fma, vzeroupper, avx512_vpopcntdq, avx512_vpclmulqdq, avx512_vaes, avx512_vnni, clflush, clflushopt, avx512_vbmi2, avx512_vbmi, hv, rdtscp, rdpid, fsrm, gfni, avx512_bitalg, f16c, avx512_ifma

Memory: 4k page, system-wide physical 3835M (421M free)
TotalPageFile size 15611M (AvailPageFile size 49M)
current process WorkingSet (physical memory assigned to process): 52M, peak: 52M
current process commit charge ("private bytes"): 134M, peak: 134M

vm_info: Java HotSpot(TM) 64-Bit Server VM (20.0.2+9-78) for windows-amd64 JRE (20.0.2+9-78), built on 2023-06-14T10:08:48Z by "mach5one" with MS VC++ 17.1 (VS2022)

END.
