#
# There is insufficient memory for the Java Runtime Environment to continue.
# Native memory allocation (malloc) failed to allocate 32744 bytes for Chunk::new
# Possible reasons:
#   The system is out of physical RAM or swap space
#   The process is running with CompressedOops enabled, and the Java Heap may be blocking the growth of the native heap
# Possible solutions:
#   Reduce memory load on the system
#   Increase physical memory or swap space
#   Check if swap backing store is full
#   Decrease Java heap size (-Xmx/-Xms)
#   Decrease number of Java threads
#   Decrease Java thread stack sizes (-Xss)
#   Set larger code cache with -XX:ReservedCodeCacheSize=
#   JVM is running with Unscaled Compressed Oops mode in which the Java heap is
#     placed in the first 4GB address space. The Java Heap base address is the
#     maximum limit for the native heap growth. Please use -XX:HeapBaseMinAddress
#     to set the Java Heap base and to place the Java Heap above 4GB virtual address.
# This output file may be truncated or incomplete.
#
#  Out of Memory Error (arena.cpp:184), pid=12740, tid=20484
#
# JRE version: Java(TM) SE Runtime Environment (20.0.2+9) (build 20.0.2+9-78)
# Java VM: Java HotSpot(TM) 64-Bit Server VM (20.0.2+9-78, mixed mode, emulated-client, sharing, tiered, compressed oops, compressed class ptrs, g1 gc, windows-amd64)
# No core dump will be written. Minidumps are not enabled by default on client versions of Windows
#

---------------  S U M M A R Y ------------

Command Line: -Dcom.sun.management.jmxremote -Dcom.sun.management.jmxremote.port=64072 -Dcom.sun.management.jmxremote.authenticate=false -Dcom.sun.management.jmxremote.ssl=false -Djava.rmi.server.hostname=localhost -Dspring.jmx.enabled=true -Dmanagement.endpoints.jmx.exposure.include=* -Dspring.application.admin.enabled=true -XX:TieredStopAtLevel=1 -Dspring.boot.project.name=ConfigServer -Dfile.encoding=UTF-8 -Dstdout.encoding=UTF-8 -Dstderr.encoding=UTF-8 -XX:+ShowCodeDetailsInExceptionMessages com.lcwd.config.server.ConfigServerApplication --spring.output.ansi.enabled=always

Host: Intel(R) Core(TM) i3-1005G1 CPU @ 1.20GHz, 4 cores, 3G,  Windows 11 , 64 bit Build 22621 (10.0.22621.3235)
Time: Mon Mar 18 04:03:54 2024 India Standard Time elapsed time: 0.336727 seconds (0d 0h 0m 0s)

---------------  T H R E A D  ---------------

Current thread (0x0000028a342ab2f0):  JavaThread "C1 CompilerThread0" daemon [_thread_in_native, id=20484, stack(0x000000ae33400000,0x000000ae33500000)]


Current CompileTask:
C1:    336  281   !   1       java.util.zip.InflaterInputStream::read (129 bytes)

Stack: [0x000000ae33400000,0x000000ae33500000]
Native frames: (J=compiled Java code, j=interpreted, Vv=VM code, C=native code)
V  [jvm.dll+0x6bc25a]
V  [jvm.dll+0x84971a]
V  [jvm.dll+0x84b315]
V  [jvm.dll+0x84ba13]
V  [jvm.dll+0x280e4f]
V  [jvm.dll+0xc2ab1]
V  [jvm.dll+0xc2dd5]
V  [jvm.dll+0x1b24cc]
V  [jvm.dll+0x15e7cf]
V  [jvm.dll+0x161360]
V  [jvm.dll+0x164aef]
V  [jvm.dll+0x162df5]
V  [jvm.dll+0x15cc4a]
V  [jvm.dll+0x16c776]
V  [jvm.dll+0x157ed0]
V  [jvm.dll+0x158253]
V  [jvm.dll+0x158514]
V  [jvm.dll+0x157956]
V  [jvm.dll+0x15968d]
V  [jvm.dll+0x25a0eb]
V  [jvm.dll+0x2587c0]
V  [jvm.dll+0x3f2dd5]
V  [jvm.dll+0x7f5c76]
V  [jvm.dll+0x6baecb]
C  [ucrtbase.dll+0x29363]
C  [KERNEL32.DLL+0x1257d]
C  [ntdll.dll+0x5aa58]


---------------  P R O C E S S  ---------------

Threads class SMR info:
_java_thread_list=0x0000028a7957d660, length=11, elements={
0x0000028a25b12370, 0x0000028a3429b450, 0x0000028a3429cd20, 0x0000028a3429ef90,
0x0000028a3429fe80, 0x0000028a342a1ac0, 0x0000028a342a7ca0, 0x0000028a342ab2f0,
0x0000028a7955a370, 0x0000028a7955d1e0, 0x0000028a7955a8c0
}

Java Threads: ( => current thread )
  0x0000028a25b12370 JavaThread "main" [_thread_blocked, id=13760, stack(0x000000ae32700000,0x000000ae32800000)]
  0x0000028a3429b450 JavaThread "Reference Handler" daemon [_thread_blocked, id=9372, stack(0x000000ae32e00000,0x000000ae32f00000)]
  0x0000028a3429cd20 JavaThread "Finalizer" daemon [_thread_blocked, id=6204, stack(0x000000ae32f00000,0x000000ae33000000)]
  0x0000028a3429ef90 JavaThread "Signal Dispatcher" daemon [_thread_blocked, id=10308, stack(0x000000ae33000000,0x000000ae33100000)]
  0x0000028a3429fe80 JavaThread "Attach Listener" daemon [_thread_blocked, id=19848, stack(0x000000ae33100000,0x000000ae33200000)]
  0x0000028a342a1ac0 JavaThread "Service Thread" daemon [_thread_blocked, id=15448, stack(0x000000ae33200000,0x000000ae33300000)]
  0x0000028a342a7ca0 JavaThread "Monitor Deflation Thread" daemon [_thread_blocked, id=20744, stack(0x000000ae33300000,0x000000ae33400000)]
=>0x0000028a342ab2f0 JavaThread "C1 CompilerThread0" daemon [_thread_in_native, id=20484, stack(0x000000ae33400000,0x000000ae33500000)]
  0x0000028a7955a370 JavaThread "Common-Cleaner" daemon [_thread_blocked, id=7628, stack(0x000000ae33500000,0x000000ae33600000)]
  0x0000028a7955d1e0 JavaThread "C1 CompilerThread1" daemon [_thread_in_native, id=21968, stack(0x000000ae33600000,0x000000ae33700000)]
  0x0000028a7955a8c0 JavaThread "Notification Thread" daemon [_thread_blocked, id=20536, stack(0x000000ae33700000,0x000000ae33800000)]

Other Threads:
  0x0000028a3427dcf0 VMThread "VM Thread" [stack: 0x000000ae32d00000,0x000000ae32e00000] [id=21224] _threads_hazard_ptr=0x0000028a7957d660
  0x0000028a25b52280 WorkerThread "GC Thread#0" [stack: 0x000000ae32800000,0x000000ae32900000] [id=6612]
  0x0000028a25b5a990 ConcurrentGCThread "G1 Main Marker" [stack: 0x000000ae32900000,0x000000ae32a00000] [id=3732]
  0x0000028a25b5b560 WorkerThread "G1 Conc#0" [stack: 0x000000ae32a00000,0x000000ae32b00000] [id=9580]
  0x0000028a25baea50 ConcurrentGCThread "G1 Refine#0" [stack: 0x000000ae32b00000,0x000000ae32c00000] [id=21084]
  0x0000028a25baf4f0 ConcurrentGCThread "G1 Service" [stack: 0x000000ae32c00000,0x000000ae32d00000] [id=15308]

Threads with active compile tasks:
C1 CompilerThread0      374  281   !   1       java.util.zip.InflaterInputStream::read (129 bytes)
C1 CompilerThread1      374  280   !   1       java.lang.String::<init> (893 bytes)

VM state: at safepoint (normal execution)

VM Mutex/Monitor currently owned by a thread:  ([mutex/lock_event])
[0x0000028a25b0def0] Threads_lock - owner thread: 0x0000028a3427dcf0
[0x0000028a25b0f180] Heap_lock - owner thread: 0x0000028a25b12370

OutOfMemory and StackOverflow Exception counts:
OutOfMemoryError java_heap_errors=3

Heap address: 0x00000000c4000000, size: 960 MB, Compressed Oops mode: 32-bit

CDS archive(s) mapped at: [0x0000028a34400000-0x0000028a35060000-0x0000028a35060000), size 12976128, SharedBaseAddress: 0x0000028a34400000, ArchiveRelocationMode: 1.
Compressed class space mapped at: 0x0000028a35400000-0x0000028a75400000, reserved size: 1073741824
Narrow klass base: 0x0000028a34400000, Narrow klass shift: 0, Narrow klass range: 0x100000000

GC Precious Log:
 CardTable entry size: 512
 Card Set container configuration: InlinePtr #cards 5 size 8 Array Of Cards #cards 12 size 40 Howl #buckets 4 coarsen threshold 1843 Howl Bitmap #cards 512 size 80 coarsen threshold 460 Card regions per heap region 1 cards per card region 2048
 CPUs: 4 total, 4 available
 Memory: 3835M
 Large Page Support: Disabled
 NUMA Support: Disabled
 Compressed Oops: Enabled (32-bit)
 Heap Region Size: 1M
 Heap Min Capacity: 8M
 Heap Initial Capacity: 60M
 Heap Max Capacity: 960M
 Pre-touch: Disabled
 Parallel Workers: 4
 Concurrent Workers: 1
 Concurrent Refinement Workers: 4
 Periodic GC: Disabled

Heap:
 garbage-first heap   total 61440K, used 8192K [0x00000000c4000000, 0x0000000100000000)
  region size 1024K, 8 young (8192K), 0 survivors (0K)
 Metaspace       used 252K, committed 448K, reserved 1114112K
  class space    used 17K, committed 128K, reserved 1048576K

Heap Regions: E=young(eden), S=young(survivor), O=old, HS=humongous(starts), HC=humongous(continues), CS=collection set, F=free, OA=open archive, CA=closed archive, TAMS=top-at-mark-start, PB=parsable bottom
|   0|0x00000000c4000000, 0x00000000c4100000, 0x00000000c4100000|100%|HS|  |TAMS 0x00000000c4000000| PB 0x00000000c4000000| Complete 
|   1|0x00000000c4100000, 0x00000000c4200000, 0x00000000c4200000|100%|HS|  |TAMS 0x00000000c4100000| PB 0x00000000c4100000| Complete 
|   2|0x00000000c4200000, 0x00000000c4200000, 0x00000000c4300000|  0%| F|  |TAMS 0x00000000c4200000| PB 0x00000000c4200000| Untracked 
|   3|0x00000000c4300000, 0x00000000c4300000, 0x00000000c4400000|  0%| F|  |TAMS 0x00000000c4300000| PB 0x00000000c4300000| Untracked 
|   4|0x00000000c4400000, 0x00000000c4400000, 0x00000000c4500000|  0%| F|  |TAMS 0x00000000c4400000| PB 0x00000000c4400000| Untracked 
|   5|0x00000000c4500000, 0x00000000c4500000, 0x00000000c4600000|  0%| F|  |TAMS 0x00000000c4500000| PB 0x00000000c4500000| Untracked 
|   6|0x00000000c4600000, 0x00000000c4600000, 0x00000000c4700000|  0%| F|  |TAMS 0x00000000c4600000| PB 0x00000000c4600000| Untracked 
|   7|0x00000000c4700000, 0x00000000c4700000, 0x00000000c4800000|  0%| F|  |TAMS 0x00000000c4700000| PB 0x00000000c4700000| Untracked 
|   8|0x00000000c4800000, 0x00000000c4800000, 0x00000000c4900000|  0%| F|  |TAMS 0x00000000c4800000| PB 0x00000000c4800000| Untracked 
|   9|0x00000000c4900000, 0x00000000c4900000, 0x00000000c4a00000|  0%| F|  |TAMS 0x00000000c4900000| PB 0x00000000c4900000| Untracked 
|  10|0x00000000c4a00000, 0x00000000c4a00000, 0x00000000c4b00000|  0%| F|  |TAMS 0x00000000c4a00000| PB 0x00000000c4a00000| Untracked 
|  11|0x00000000c4b00000, 0x00000000c4b00000, 0x00000000c4c00000|  0%| F|  |TAMS 0x00000000c4b00000| PB 0x00000000c4b00000| Untracked 
|  12|0x00000000c4c00000, 0x00000000c4c00000, 0x00000000c4d00000|  0%| F|  |TAMS 0x00000000c4c00000| PB 0x00000000c4c00000| Untracked 
|  13|0x00000000c4d00000, 0x00000000c4d00000, 0x00000000c4e00000|  0%| F|  |TAMS 0x00000000c4d00000| PB 0x00000000c4d00000| Untracked 
|  14|0x00000000c4e00000, 0x00000000c4e00000, 0x00000000c4f00000|  0%| F|  |TAMS 0x00000000c4e00000| PB 0x00000000c4e00000| Untracked 
|  15|0x00000000c4f00000, 0x00000000c4f00000, 0x00000000c5000000|  0%| F|  |TAMS 0x00000000c4f00000| PB 0x00000000c4f00000| Untracked 
|  16|0x00000000c5000000, 0x00000000c5000000, 0x00000000c5100000|  0%| F|  |TAMS 0x00000000c5000000| PB 0x00000000c5000000| Untracked 
|  17|0x00000000c5100000, 0x00000000c5100000, 0x00000000c5200000|  0%| F|  |TAMS 0x00000000c5100000| PB 0x00000000c5100000| Untracked 
|  18|0x00000000c5200000, 0x00000000c5200000, 0x00000000c5300000|  0%| F|  |TAMS 0x00000000c5200000| PB 0x00000000c5200000| Untracked 
|  19|0x00000000c5300000, 0x00000000c5300000, 0x00000000c5400000|  0%| F|  |TAMS 0x00000000c5300000| PB 0x00000000c5300000| Untracked 
|  20|0x00000000c5400000, 0x00000000c5400000, 0x00000000c5500000|  0%| F|  |TAMS 0x00000000c5400000| PB 0x00000000c5400000| Untracked 
|  21|0x00000000c5500000, 0x00000000c5500000, 0x00000000c5600000|  0%| F|  |TAMS 0x00000000c5500000| PB 0x00000000c5500000| Untracked 
|  22|0x00000000c5600000, 0x00000000c5600000, 0x00000000c5700000|  0%| F|  |TAMS 0x00000000c5600000| PB 0x00000000c5600000| Untracked 
|  23|0x00000000c5700000, 0x00000000c5700000, 0x00000000c5800000|  0%| F|  |TAMS 0x00000000c5700000| PB 0x00000000c5700000| Untracked 
|  24|0x00000000c5800000, 0x00000000c5800000, 0x00000000c5900000|  0%| F|  |TAMS 0x00000000c5800000| PB 0x00000000c5800000| Untracked 
|  25|0x00000000c5900000, 0x00000000c5900000, 0x00000000c5a00000|  0%| F|  |TAMS 0x00000000c5900000| PB 0x00000000c5900000| Untracked 
|  26|0x00000000c5a00000, 0x00000000c5a00000, 0x00000000c5b00000|  0%| F|  |TAMS 0x00000000c5a00000| PB 0x00000000c5a00000| Untracked 
|  27|0x00000000c5b00000, 0x00000000c5b00000, 0x00000000c5c00000|  0%| F|  |TAMS 0x00000000c5b00000| PB 0x00000000c5b00000| Untracked 
|  28|0x00000000c5c00000, 0x00000000c5c00000, 0x00000000c5d00000|  0%| F|  |TAMS 0x00000000c5c00000| PB 0x00000000c5c00000| Untracked 
|  29|0x00000000c5d00000, 0x00000000c5d00000, 0x00000000c5e00000|  0%| F|  |TAMS 0x00000000c5d00000| PB 0x00000000c5d00000| Untracked 
|  30|0x00000000c5e00000, 0x00000000c5e00000, 0x00000000c5f00000|  0%| F|  |TAMS 0x00000000c5e00000| PB 0x00000000c5e00000| Untracked 
|  31|0x00000000c5f00000, 0x00000000c5f00000, 0x00000000c6000000|  0%| F|  |TAMS 0x00000000c5f00000| PB 0x00000000c5f00000| Untracked 
|  32|0x00000000c6000000, 0x00000000c6000000, 0x00000000c6100000|  0%| F|  |TAMS 0x00000000c6000000| PB 0x00000000c6000000| Untracked 
|  33|0x00000000c6100000, 0x00000000c6100000, 0x00000000c6200000|  0%| F|  |TAMS 0x00000000c6100000| PB 0x00000000c6100000| Untracked 
|  34|0x00000000c6200000, 0x00000000c6200000, 0x00000000c6300000|  0%| F|  |TAMS 0x00000000c6200000| PB 0x00000000c6200000| Untracked 
|  35|0x00000000c6300000, 0x00000000c6300000, 0x00000000c6400000|  0%| F|  |TAMS 0x00000000c6300000| PB 0x00000000c6300000| Untracked 
|  36|0x00000000c6400000, 0x00000000c6400000, 0x00000000c6500000|  0%| F|  |TAMS 0x00000000c6400000| PB 0x00000000c6400000| Untracked 
|  37|0x00000000c6500000, 0x00000000c6500000, 0x00000000c6600000|  0%| F|  |TAMS 0x00000000c6500000| PB 0x00000000c6500000| Untracked 
|  38|0x00000000c6600000, 0x00000000c6600000, 0x00000000c6700000|  0%| F|  |TAMS 0x00000000c6600000| PB 0x00000000c6600000| Untracked 
|  39|0x00000000c6700000, 0x00000000c6700000, 0x00000000c6800000|  0%| F|  |TAMS 0x00000000c6700000| PB 0x00000000c6700000| Untracked 
|  40|0x00000000c6800000, 0x00000000c6800000, 0x00000000c6900000|  0%| F|  |TAMS 0x00000000c6800000| PB 0x00000000c6800000| Untracked 
|  41|0x00000000c6900000, 0x00000000c6900000, 0x00000000c6a00000|  0%| F|  |TAMS 0x00000000c6900000| PB 0x00000000c6900000| Untracked 
|  42|0x00000000c6a00000, 0x00000000c6a00000, 0x00000000c6b00000|  0%| F|  |TAMS 0x00000000c6a00000| PB 0x00000000c6a00000| Untracked 
|  43|0x00000000c6b00000, 0x00000000c6b00000, 0x00000000c6c00000|  0%| F|  |TAMS 0x00000000c6b00000| PB 0x00000000c6b00000| Untracked 
|  44|0x00000000c6c00000, 0x00000000c6c00000, 0x00000000c6d00000|  0%| F|  |TAMS 0x00000000c6c00000| PB 0x00000000c6c00000| Untracked 
|  45|0x00000000c6d00000, 0x00000000c6d00000, 0x00000000c6e00000|  0%| F|  |TAMS 0x00000000c6d00000| PB 0x00000000c6d00000| Untracked 
|  46|0x00000000c6e00000, 0x00000000c6e00000, 0x00000000c6f00000|  0%| F|  |TAMS 0x00000000c6e00000| PB 0x00000000c6e00000| Untracked 
|  47|0x00000000c6f00000, 0x00000000c6f00000, 0x00000000c7000000|  0%| F|  |TAMS 0x00000000c6f00000| PB 0x00000000c6f00000| Untracked 
|  48|0x00000000c7000000, 0x00000000c7000000, 0x00000000c7100000|  0%| F|  |TAMS 0x00000000c7000000| PB 0x00000000c7000000| Untracked 
|  49|0x00000000c7100000, 0x00000000c7100000, 0x00000000c7200000|  0%| F|  |TAMS 0x00000000c7100000| PB 0x00000000c7100000| Untracked 
|  50|0x00000000c7200000, 0x00000000c7200000, 0x00000000c7300000|  0%| F|  |TAMS 0x00000000c7200000| PB 0x00000000c7200000| Untracked 
|  51|0x00000000c7300000, 0x00000000c7300000, 0x00000000c7400000|  0%| F|  |TAMS 0x00000000c7300000| PB 0x00000000c7300000| Untracked 
|  52|0x00000000c7400000, 0x00000000c7462518, 0x00000000c7500000| 38%| E|  |TAMS 0x00000000c7400000| PB 0x00000000c7400000| Complete 
|  53|0x00000000c7500000, 0x00000000c7600000, 0x00000000c7600000|100%| E|  |TAMS 0x00000000c7500000| PB 0x00000000c7500000| Complete 
|  54|0x00000000c7600000, 0x00000000c7700000, 0x00000000c7700000|100%| E|CS|TAMS 0x00000000c7600000| PB 0x00000000c7600000| Complete 
|  55|0x00000000c7700000, 0x00000000c7800000, 0x00000000c7800000|100%| E|CS|TAMS 0x00000000c7700000| PB 0x00000000c7700000| Complete 
|  56|0x00000000c7800000, 0x00000000c7900000, 0x00000000c7900000|100%| E|CS|TAMS 0x00000000c7800000| PB 0x00000000c7800000| Complete 
|  57|0x00000000c7900000, 0x00000000c7a00000, 0x00000000c7a00000|100%| E|CS|TAMS 0x00000000c7900000| PB 0x00000000c7900000| Complete 
|  58|0x00000000c7a00000, 0x00000000c7b00000, 0x00000000c7b00000|100%| E|CS|TAMS 0x00000000c7a00000| PB 0x00000000c7a00000| Complete 
|  59|0x00000000c7b00000, 0x00000000c7c00000, 0x00000000c7c00000|100%| E|CS|TAMS 0x00000000c7b00000| PB 0x00000000c7b00000| Complete 

Card table byte_map: [0x0000028a258e0000,0x0000028a25ac0000] _byte_map_base: 0x0000028a252c0000

Marking Bits: (CMBitMap*) 0x0000028a25b528b0
 Bits: [0x0000028a30db0000, 0x0000028a31cb0000)

Polling page: 0x0000028a238b0000

Metaspace:

Usage:
  Non-class:    234.77 KB used.
      Class:     17.76 KB used.
       Both:    252.53 KB used.

Virtual space:
  Non-class space:       64.00 MB reserved,     320.00 KB ( <1%) committed,  1 nodes.
      Class space:        1.00 GB reserved,     128.00 KB ( <1%) committed,  1 nodes.
             Both:        1.06 GB reserved,     448.00 KB ( <1%) committed. 

Chunk freelists:
   Non-Class:  4.00 MB
       Class:  3.75 MB
        Both:  7.74 MB

MaxMetaspaceSize: unlimited
CompressedClassSpaceSize: 1.00 GB
Initial GC threshold: 21.00 MB
Current GC threshold: 21.00 MB
CDS: on
MetaspaceReclaimPolicy: balanced
 - commit_granule_bytes: 65536.
 - commit_granule_words: 8192.
 - virtual_space_node_default_size: 8388608.
 - enlarge_chunks_in_place: 1.
 - new_chunks_are_fully_committed: 0.
 - uncommit_free_chunks: 1.
 - use_allocation_guard: 0.


Internal statistics:

num_allocs_failed_limit: 0.
num_arena_births: 6.
num_arena_deaths: 0.
num_vsnodes_births: 2.
num_vsnodes_deaths: 0.
num_space_committed: 7.
num_space_uncommitted: 0.
num_chunks_returned_to_freelist: 0.
num_chunks_taken_from_freelist: 7.
num_chunk_merges: 0.
num_chunk_splits: 4.
num_chunks_enlarged: 2.
num_inconsistent_stats: 0.

CodeCache: size=49152Kb used=2272Kb max_used=2272Kb free=46879Kb
 bounds [0x0000028a2dbd0000, 0x0000028a2de40000, 0x0000028a30bd0000]
 total_blobs=660 nmethods=282 adapters=303
 compilation: enabled
              stopped_count=0, restarted_count=0
 full_count=0

Compilation events (20 events):
Event: 0.317 Thread 0x0000028a342ab2f0  271       1       java.util.zip.Inflater$InflaterZStreamRef::address (5 bytes)
Event: 0.318 Thread 0x0000028a342ab2f0 nmethod 271 0x0000028a2de03b90 code [0x0000028a2de03d00, 0x0000028a2de03dc8]
Event: 0.321 Thread 0x0000028a342ab2f0  272       1       java.util.ArrayList::add (25 bytes)
Event: 0.321 Thread 0x0000028a7955d1e0  273       1       java.util.ArrayList::add (23 bytes)
Event: 0.321 Thread 0x0000028a342ab2f0 nmethod 272 0x0000028a2de03e90 code [0x0000028a2de04020, 0x0000028a2de04238]
Event: 0.321 Thread 0x0000028a7955d1e0 nmethod 273 0x0000028a2de04390 code [0x0000028a2de04520, 0x0000028a2de04720]
Event: 0.326 Thread 0x0000028a342ab2f0  274 %     1       java.util.jar.JarFile::match @ 14 (132 bytes)
Event: 0.326 Thread 0x0000028a342ab2f0 nmethod 274% 0x0000028a2de04890 code [0x0000028a2de04a40, 0x0000028a2de04d88]
Event: 0.327 Thread 0x0000028a7955d1e0  275       1       java.util.jar.JarFile::match (132 bytes)
Event: 0.327 Thread 0x0000028a7955d1e0 nmethod 275 0x0000028a2de05010 code [0x0000028a2de051a0, 0x0000028a2de053e8]
Event: 0.327 Thread 0x0000028a342ab2f0  276  s    1       java.io.ByteArrayOutputStream::write (43 bytes)
Event: 0.327 Thread 0x0000028a7955d1e0  277       1       java.io.ByteArrayOutputStream::ensureCapacity (32 bytes)
Event: 0.328 Thread 0x0000028a7955d1e0 nmethod 277 0x0000028a2de05610 code [0x0000028a2de057c0, 0x0000028a2de05aa8]
Event: 0.328 Thread 0x0000028a342ab2f0 nmethod 276 0x0000028a2de05c10 code [0x0000028a2de05de0, 0x0000028a2de062f0]
Event: 0.328 Thread 0x0000028a342ab2f0  278       1       java.util.jar.Attributes$Name::hashCode (5 bytes)
Event: 0.329 Thread 0x0000028a342ab2f0 nmethod 278 0x0000028a2de06510 code [0x0000028a2de06680, 0x0000028a2de06748]
Event: 0.332 Thread 0x0000028a7955d1e0  280   !   1       java.lang.String::<init> (893 bytes)
Event: 0.332 Thread 0x0000028a342ab2f0  279       1       java.lang.String::<init> (22 bytes)
Event: 0.332 Thread 0x0000028a342ab2f0 nmethod 279 0x0000028a2de06810 code [0x0000028a2de069c0, 0x0000028a2de06be0]
Event: 0.333 Thread 0x0000028a342ab2f0  281   !   1       java.util.zip.InflaterInputStream::read (129 bytes)

GC Heap History (0 events):
No events

Dll operation events (6 events):
Event: 0.027 Loaded shared library C:\Program Files\Java\jdk-20\bin\java.dll
Event: 0.056 Loaded shared library C:\Program Files\Java\jdk-20\bin\jsvml.dll
Event: 0.254 Loaded shared library C:\Program Files\Java\jdk-20\bin\jimage.dll
Event: 0.265 Loaded shared library C:\Program Files\Java\jdk-20\bin\net.dll
Event: 0.268 Loaded shared library C:\Program Files\Java\jdk-20\bin\nio.dll
Event: 0.276 Loaded shared library C:\Program Files\Java\jdk-20\bin\zip.dll

Deoptimization events (0 events):
No events

Classes loaded (16 events):
Event: 0.075 Loading class sun/nio/cs/UTF_8$Encoder
Event: 0.075 Loading class sun/nio/cs/UTF_8$Encoder done
Event: 0.230 Loading class jdk/internal/module/ModuleReferenceImpl$CachedHash
Event: 0.231 Loading class jdk/internal/module/ModuleReferenceImpl$CachedHash done
Event: 0.245 Loading class jdk/internal/agent/Agent
Event: 0.246 Loading class jdk/internal/agent/Agent done
Event: 0.248 Loading class sun/management/jmxremote/ConnectorBootstrap
Event: 0.248 Loading class sun/management/jmxremote/ConnectorBootstrap done
Event: 0.248 Loading class jdk/internal/logger/LazyLoggers
Event: 0.249 Loading class jdk/internal/logger/LazyLoggers done
Event: 0.249 Loading class jdk/internal/logger/LazyLoggers$1
Event: 0.249 Loading class jdk/internal/logger/LazyLoggers$1 done
Event: 0.249 Loading class jdk/internal/logger/LazyLoggers$LazyLoggerFactories
Event: 0.249 Loading class jdk/internal/logger/LazyLoggers$LazyLoggerFactories done
Event: 0.258 Loading class jdk/internal/loader/URLClassPath$FileLoader
Event: 0.258 Loading class jdk/internal/loader/URLClassPath$FileLoader done

Classes unloaded (0 events):
No events

Classes redefined (0 events):
No events

Internal exceptions (0 events):
No events

VM Operations (2 events):
Event: 0.230 Executing VM operation: HandshakeAllThreads
Event: 0.230 Executing VM operation: HandshakeAllThreads done

Events (11 events):
Event: 0.057 Thread 0x0000028a25b12370 Thread added: 0x0000028a25b12370
Event: 0.078 Thread 0x0000028a3429b450 Thread added: 0x0000028a3429b450
Event: 0.078 Thread 0x0000028a3429cd20 Thread added: 0x0000028a3429cd20
Event: 0.079 Thread 0x0000028a3429ef90 Thread added: 0x0000028a3429ef90
Event: 0.079 Thread 0x0000028a3429fe80 Thread added: 0x0000028a3429fe80
Event: 0.079 Thread 0x0000028a342a1ac0 Thread added: 0x0000028a342a1ac0
Event: 0.079 Thread 0x0000028a342a7ca0 Thread added: 0x0000028a342a7ca0
Event: 0.079 Thread 0x0000028a342ab2f0 Thread added: 0x0000028a342ab2f0
Event: 0.221 Thread 0x0000028a7955a370 Thread added: 0x0000028a7955a370
Event: 0.230 Thread 0x0000028a7955d1e0 Thread added: 0x0000028a7955d1e0
Event: 0.245 Thread 0x0000028a7955a8c0 Thread added: 0x0000028a7955a8c0


Dynamic libraries:
0x00007ff721bf0000 - 0x00007ff721c00000 	C:\Program Files\Java\jdk-20\bin\javaw.exe
0x00007ff955270000 - 0x00007ff955486000 	C:\WINDOWS\SYSTEM32\ntdll.dll
0x00007ff953590000 - 0x00007ff953654000 	C:\WINDOWS\System32\KERNEL32.DLL
0x00007ff952a00000 - 0x00007ff952da6000 	C:\WINDOWS\System32\KERNELBASE.dll
0x00007ff9528e0000 - 0x00007ff9529f1000 	C:\WINDOWS\System32\ucrtbase.dll
0x00007ff94c3c0000 - 0x00007ff94c3d9000 	C:\Program Files\Java\jdk-20\bin\jli.dll
0x00007ff954e70000 - 0x00007ff954f22000 	C:\WINDOWS\System32\ADVAPI32.dll
0x00007ff953660000 - 0x00007ff953707000 	C:\WINDOWS\System32\msvcrt.dll
0x00007ff955180000 - 0x00007ff955228000 	C:\WINDOWS\System32\sechost.dll
0x00007ff952f90000 - 0x00007ff952fb8000 	C:\WINDOWS\System32\bcrypt.dll
0x00007ff954780000 - 0x00007ff954895000 	C:\WINDOWS\System32\RPCRT4.dll
0x00007ff9380d0000 - 0x00007ff9380eb000 	C:\Program Files\Java\jdk-20\bin\VCRUNTIME140.dll
0x00007ff9544c0000 - 0x00007ff95466d000 	C:\WINDOWS\System32\USER32.dll
0x00007ff93ad00000 - 0x00007ff93af93000 	C:\WINDOWS\WinSxS\amd64_microsoft.windows.common-controls_6595b64144ccf1df_6.0.22621.3235_none_270f74e173860f98\COMCTL32.dll
0x00007ff952840000 - 0x00007ff952866000 	C:\WINDOWS\System32\win32u.dll
0x00007ff954d50000 - 0x00007ff954d79000 	C:\WINDOWS\System32\GDI32.dll
0x00007ff9525b0000 - 0x00007ff9526c8000 	C:\WINDOWS\System32\gdi32full.dll
0x00007ff952e30000 - 0x00007ff952eca000 	C:\WINDOWS\System32\msvcp_win.dll
0x00007ff94b860000 - 0x00007ff94b86a000 	C:\WINDOWS\SYSTEM32\VERSION.dll
0x00007ff952fc0000 - 0x00007ff952ff1000 	C:\WINDOWS\System32\IMM32.DLL
0x00007ff939fd0000 - 0x00007ff939fdc000 	C:\Program Files\Java\jdk-20\bin\vcruntime140_1.dll
0x00007ff915a90000 - 0x00007ff915b1e000 	C:\Program Files\Java\jdk-20\bin\msvcp140.dll
0x00007ff914380000 - 0x00007ff915018000 	C:\Program Files\Java\jdk-20\bin\server\jvm.dll
0x00007ff94a2e0000 - 0x00007ff94a314000 	C:\WINDOWS\SYSTEM32\WINMM.dll
0x00007ff9358e0000 - 0x00007ff9358e9000 	C:\WINDOWS\SYSTEM32\WSOCK32.dll
0x00007ff954f40000 - 0x00007ff954fb1000 	C:\WINDOWS\System32\WS2_32.dll
0x00007ff9515b0000 - 0x00007ff9515c8000 	C:\WINDOWS\SYSTEM32\kernel.appcore.dll
0x00007ff94f380000 - 0x00007ff94f38a000 	C:\Program Files\Java\jdk-20\bin\jimage.dll
0x00007ff94fdf0000 - 0x00007ff950023000 	C:\WINDOWS\SYSTEM32\DBGHELP.DLL
0x00007ff9548a0000 - 0x00007ff954c28000 	C:\WINDOWS\System32\combase.dll
0x00007ff953710000 - 0x00007ff9537e7000 	C:\WINDOWS\System32\OLEAUT32.dll
0x00007ff948ff0000 - 0x00007ff949022000 	C:\WINDOWS\SYSTEM32\dbgcore.DLL
0x00007ff952db0000 - 0x00007ff952e2a000 	C:\WINDOWS\System32\bcryptPrimitives.dll
0x00007ff9489c0000 - 0x00007ff9489e6000 	C:\Program Files\Java\jdk-20\bin\java.dll
0x00007ff927d40000 - 0x00007ff927e17000 	C:\Program Files\Java\jdk-20\bin\jsvml.dll
0x00007ff953c50000 - 0x00007ff9544ad000 	C:\WINDOWS\System32\SHELL32.dll
0x00007ff9504c0000 - 0x00007ff950db8000 	C:\WINDOWS\SYSTEM32\windows.storage.dll
0x00007ff950380000 - 0x00007ff9504be000 	C:\WINDOWS\SYSTEM32\wintypes.dll
0x00007ff954c30000 - 0x00007ff954d23000 	C:\WINDOWS\System32\SHCORE.dll
0x00007ff954d80000 - 0x00007ff954dde000 	C:\WINDOWS\System32\shlwapi.dll
0x00007ff9524e0000 - 0x00007ff952506000 	C:\WINDOWS\SYSTEM32\profapi.dll
0x00007ff9486b0000 - 0x00007ff9486c3000 	C:\Program Files\Java\jdk-20\bin\net.dll
0x00007ff94ac70000 - 0x00007ff94ada7000 	C:\WINDOWS\SYSTEM32\WINHTTP.dll
0x00007ff951a30000 - 0x00007ff951a99000 	C:\WINDOWS\system32\mswsock.dll
0x00007ff9475c0000 - 0x00007ff9475d6000 	C:\Program Files\Java\jdk-20\bin\nio.dll
0x00007ff94a790000 - 0x00007ff94a7a8000 	C:\Program Files\Java\jdk-20\bin\zip.dll

dbghelp: loaded successfully - version: 4.0.5 - missing functions: none
symbol engine: initialized successfully - sym options: 0x614 - pdb path: .;C:\Program Files\Java\jdk-20\bin;C:\WINDOWS\SYSTEM32;C:\WINDOWS\WinSxS\amd64_microsoft.windows.common-controls_6595b64144ccf1df_6.0.22621.3235_none_270f74e173860f98;C:\Program Files\Java\jdk-20\bin\server

VM Arguments:
jvm_args: -Dcom.sun.management.jmxremote -Dcom.sun.management.jmxremote.port=64072 -Dcom.sun.management.jmxremote.authenticate=false -Dcom.sun.management.jmxremote.ssl=false -Djava.rmi.server.hostname=localhost -Dspring.jmx.enabled=true -Dmanagement.endpoints.jmx.exposure.include=* -Dspring.application.admin.enabled=true -XX:TieredStopAtLevel=1 -Dspring.boot.project.name=ConfigServer -Dfile.encoding=UTF-8 -Dstdout.encoding=UTF-8 -Dstderr.encoding=UTF-8 -XX:+ShowCodeDetailsInExceptionMessages 
java_command: com.lcwd.config.server.ConfigServerApplication --spring.output.ansi.enabled=always
java_class_path (initial): C:\MicroSevices\ConfigServer\target\classes;C:\Users\naeem\.m2\repository\org\springframework\cloud\spring-cloud-config-server\4.1.0\spring-cloud-config-server-4.1.0.jar;C:\Users\naeem\.m2\repository\org\springframework\cloud\spring-cloud-config-client\4.1.0\spring-cloud-config-client-4.1.0.jar;C:\Users\naeem\.m2\repository\org\springframework\boot\spring-boot-autoconfigure\3.2.3\spring-boot-autoconfigure-3.2.3.jar;C:\Users\naeem\.m2\repository\org\springframework\cloud\spring-cloud-commons\4.1.0\spring-cloud-commons-4.1.0.jar;C:\Users\naeem\.m2\repository\org\springframework\cloud\spring-cloud-context\4.1.0\spring-cloud-context-4.1.0.jar;C:\Users\naeem\.m2\repository\org\springframework\spring-web\6.1.4\spring-web-6.1.4.jar;C:\Users\naeem\.m2\repository\org\springframework\spring-beans\6.1.4\spring-beans-6.1.4.jar;C:\Users\naeem\.m2\repository\com\fasterxml\jackson\core\jackson-annotations\2.15.4\jackson-annotations-2.15.4.jar;C:\Users\naeem\.m2\repository\com\fasterxml\jackson\core\jackson-databind\2.15.4\jackson-databind-2.15.4.jar;C:\Users\naeem\.m2\repository\io\micrometer\micrometer-observation\1.12.3\micrometer-observation-1.12.3.jar;C:\Users\naeem\.m2\repository\io\micrometer\micrometer-commons\1.12.3\micrometer-commons-1.12.3.jar;C:\Users\naeem\.m2\repository\org\springframework\boot\spring-boot-starter-web\3.2.3\spring-boot-starter-web-3.2.3.jar;C:\Users\naeem\.m2\repository\org\springframework\boot\spring-boot-starter-json\3.2.3\spring-boot-starter-json-3.2.3.jar;C:\Users\naeem\.m2\repository\com\fasterxml\jackson\datatype\jackson-datatype-jdk8\2.15.4\jackson-datatype-jdk8-2.15.4.jar;C:\Users\naeem\.m2\repository\com\fasterxml\jackson\datatype\jackson-datatype-jsr310\2.15.4\jackson-datatype-jsr310-2.15.4.jar;C:\Users\naeem\.m2\repository\com\fasterxml\jackson\module\jackson-module-parameter-names\2.15.4\jackson-module-parameter-names-2.15.4.jar;C:\Users\naeem\.m2\repository\org\springframework\boot\spring-boot-starter-tomcat\3.2.3\spring-boot-starter-tomcat-3.2.3.jar;C:\Users\naeem\.m2\repository\org\apache\tomcat\embed\tomcat-embed-core\10.1.19\tomcat-embed-core-10.1.19.jar;C:\Users\naeem\.m2\repository\org\apache\tomcat\embed\tomcat-embed-websocket\10.1.19\tomcat-embed-websocket-10.1.19.jar;C:\Users\naeem\.m2\repository\org\springframework\spring-webmvc\6.1.4\spring-webmvc-6.1.4.jar;C:\Users\naeem\.m2\repository\org\springframework\spring-aop\6.1.4\spring-aop-6.1.4.jar;C:\Users\naeem\.m2\repository\org\springframework\spring-context\6.1.4\spring-context-6.1.4.jar;C:\Users\naeem\.m2\repository\org\springframework\spring-expression\6.1.4\spring-expression-6.1.4.jar;C:\Users\naeem\.m2\repository\org\springframework\boot\spring-boot-starter-validation\3.2.3\spring-boot-starter-validation-3.2.3.jar;C:\Users\naeem\.m2\repository\org\apache\tomcat\embed\tomcat-embed-el\10.1.19\tomcat-embed-el-10.1.19.jar;C:\Users\naeem\.m2\repository\org\hibernate\validator\hibernate-validator\8.0.1.Final\hibernate-validator-8.0.1.Final.jar;C:\Users\naeem\.m2\repository\jakarta\validation\jakarta.validation-api\3.0.2\jakarta.validation-api-3.0.2.jar;C:\Users\naeem\.m2\repository\org\jboss\logging\jboss-logging\3.5.3.Final\jboss-logging-3.5.3.Final.jar;C:\Users\naeem\.m2\repository\com\fasterxml\classmate\1.6.0\classmate-1.6.0.jar;C:\Users\naeem\.m2\repository\org\springframework\security\spring-security-crypto\6.2.2\spring-security-crypto-6.2.2.jar;C:\Users\naeem\.m2\repository\org\springframework\security\spring-security-rsa\1.1.1\spring-security-rsa-1.1.1.jar;C:\Users\naeem\.m2\repository\org\bouncycastle\bcprov-jdk18on\1.74\bcprov-jdk18on-1.74.jar;C:\Users\naeem\.m2\repository\org\apache\httpcomponents\client5\httpclient5\5.2.3\httpclient5-5.2.3.jar;C:\Users\naeem\.m2\repository\org\apache\httpcomponents\core5\httpcore5\5.2.4\httpcore5-5.2.4.jar;C:\Users\naeem\.m2\repository\org\apache\httpcomponents\core5\httpcore5-h2\5.2.4\httpcore5-h2-5.2.4.jar;C:\Users\naeem\.m2\repository\org\slf4j\slf4j-api\2.0.12\slf4j-api-2.0.12.jar;C:\Users\naeem\.m2\repository\org\eclipse\jgit\org.eclipse.jgit\6.6.1.202309021850-r\org.eclipse.jgit-6.6.1.202309021850-r.jar;C:\Users\naeem\.m2\repository\com\googlecode\javaewah\JavaEWAH\1.2.3\JavaEWAH-1.2.3.jar;C:\Users\naeem\.m2\repository\org\eclipse\jgit\org.eclipse.jgit.http.apache\6.6.1.202309021850-r\org.eclipse.jgit.http.apache-6.6.1.202309021850-r.jar;C:\Users\naeem\.m2\repository\org\apache\httpcomponents\httpclient\4.5.14\httpclient-4.5.14.jar;C:\Users\naeem\.m2\repository\commons-logging\commons-logging\1.2\commons-logging-1.2.jar;C:\Users\naeem\.m2\repository\commons-codec\commons-codec\1.16.1\commons-codec-1.16.1.jar;C:\Users\naeem\.m2\repository\org\apache\httpcomponents\httpcore\4.4.16\httpcore-4.4.16.jar;C:\Users\naeem\.m2\repository\org\eclipse\jgit\org.eclipse.jgit.ssh.apache\6.6.1.202309021850-r\org.eclipse.jgit.ssh.apache-6.6.1.202309021850-r.jar;C:\Users\naeem\.m2\repository\org\apache\sshd\sshd-osgi\2.10.0\sshd-osgi-2.10.0.jar;C:\Users\naeem\.m2\repository\org\slf4j\jcl-over-slf4j\2.0.12\jcl-over-slf4j-2.0.12.jar;C:\Users\naeem\.m2\repository\org\apache\sshd\sshd-sftp\2.10.0\sshd-sftp-2.10.0.jar;C:\Users\naeem\.m2\repository\net\i2p\crypto\eddsa\0.3.0\eddsa-0.3.0.jar;C:\Users\naeem\.m2\repository\org\yaml\snakeyaml\2.2\snakeyaml-2.2.jar;C:\Users\naeem\.m2\repository\com\fasterxml\jackson\dataformat\jackson-dataformat-yaml\2.15.4\jackson-dataformat-yaml-2.15.4.jar;C:\Users\naeem\.m2\repository\com\fasterxml\jackson\core\jackson-core\2.15.4\jackson-core-2.15.4.jar;C:\Users\naeem\.m2\repository\org\springframework\cloud\spring-cloud-starter-netflix-eureka-client\4.1.0\spring-cloud-starter-netflix-eureka-client-4.1.0.jar;C:\Users\naeem\.m2\repository\org\springframework\cloud\spring-cloud-starter\4.1.0\spring-cloud-starter-4.1.0.jar;C:\Users\naeem\.m2\repository\org\springframework\cloud\spring-cloud-netflix-eureka-client\4.1.0\spring-cloud-netflix-eureka-client-4.1.0.jar;C:\Users\naeem\.m2\repository\com\netflix\eureka\eureka-client\2.0.1\eureka-client-2.0.1.jar;C:\Users\naeem\.m2\repository\com\netflix\netflix-commons\netflix-eventbus\0.3.0\netflix-eventbus-0.3.0.jar;C:\Users\naeem\.m2\repository\com\netflix\netflix-commons\netflix-infix\0.3.0\netflix-infix-0.3.0.jar;C:\Users\naeem\.m2\repository\commons-jxpath\commons-jxpath\1.3\commons-jxpath-1.3.jar;C:\Users\naeem\.m2\repository\joda-time\joda-time\2.3\joda-time-2.3.jar;C:\Users\naeem\.m2\repository\org\antlr\antlr-runtime\3.4\antlr-runtime-3.4.jar;C:\Users\naeem\.m2\repository\org\antlr\stringtemplate\3.2.1\stringtemplate-3.2.1.jar;C:\Users\naeem\.m2\repository\antlr\antlr\2.7.7\antlr-2.7.7.jar;C:\Users\naeem\.m2\repository\com\google\code\gson\gson\2.10.1\gson-2.10.1.jar;C:\Users\naeem\.m2\repository\org\apache\commons\commons-math\2.2\commons-math-2.2.jar;C:\Users\naeem\.m2\repository\com\thoughtworks\xstream\xstream\1.4.19\xstream-1.4.19.jar;C:\Users\naeem\.m2\repository\io\github\x-stream\mxparser\1.2.2\mxparser-1.2.2.jar;C:\Users\naeem\.m2\repository\xmlpull\xmlpull\1.1.3.1\xmlpull-1.1.3.1.jar;C:\Users\naeem\.m2\repository\jakarta\ws\rs\jakarta.ws.rs-api\3.1.0\jakarta.ws.rs-api-3.1.0.jar;C:\Users\naeem\.m2\repository\jakarta\inject\jakarta.inject-api\2.0.1\jakarta.inject-api-2.0.1.jar;C:\Users\naeem\.m2\repository\jakarta\annotation\jakarta.annotation-api\2.1.1\jakarta.annotation-api-2.1.1.jar;C:\Users\naeem\.m2\repository\com\netflix\servo\servo-core\0.12.21\servo-core-0.12.21.jar;C:\Users\naeem\.m2\repository\com\google\guava\guava\19.0\guava-19.0.jar;C:\Users\naeem\.m2\repository\commons-configuration\commons-configuration\1.10\commons-configuration-1.10.jar;C:\Users\naeem\.m2\repository\commons-lang\commons-lang\2.6\commons-lang-2.6.jar;C:\Users\naeem\.m2\repository\org\codehaus\jettison\jettison\1.4.0\jettison-1.4.0.jar;C:\Users\naeem\.m2\repository\com\netflix\eureka\eureka-core\2.0.1\eureka-core-2.0.1.jar;C:\Users\naeem\.m2\repository\com\fasterxml\woodstox\woodstox-core\6.2.1\woodstox-core-6.2.1.jar;C:\Users\naeem\.m2\repository\org\codehaus\woodstox\stax2-api\4.2.1\stax2-api-4.2.1.jar;C:\Users\naeem\.m2\repository\org\springframework\cloud\spring-cloud-starter-loadbalancer\4.1.0\spring-cloud-starter-loadbalancer-4.1.0.jar;C:\Users\naeem\.m2\repository\org\springframework\cloud\spring-cloud-loadbalancer\4.1.0\spring-cloud-loadbalancer-4.1.0.jar;C:\Users\naeem\.m2\repository\io\projectreactor\reactor-core\3.6.3\reactor-core-3.6.3.jar;C:\Users\naeem\.m2\repository\org\reactivestreams\reactive-streams\1.0.4\reactive-streams-1.0.4.jar;C:\Users\naeem\.m2\repository\io\projectreactor\addons\reactor-extra\3.5.1\reactor-extra-3.5.1.jar;C:\Users\naeem\.m2\repository\org\springframework\boot\spring-boot-starter-cache\3.2.3\spring-boot-starter-cache-3.2.3.jar;C:\Users\naeem\.m2\repository\org\springframework\spring-context-support\6.1.4\spring-context-support-6.1.4.jar;C:\Users\naeem\.m2\repository\com\stoyanr\evictor\1.0.0\evictor-1.0.0.jar;C:\Users\naeem\.m2\repository\org\springframework\boot\spring-boot-starter\3.2.3\spring-boot-starter-3.2.3.jar;C:\Users\naeem\.m2\repository\org\springframework\boot\spring-boot\3.2.3\spring-boot-3.2.3.jar;C:\Users\naeem\.m2\repository\org\springframework\boot\spring-boot-starter-logging\3.2.3\spring-boot-starter-logging-3.2.3.jar;C:\Users\naeem\.m2\repository\ch\qos\logback\logback-classic\1.4.14\logback-classic-1.4.14.jar;C:\Users\naeem\.m2\repository\ch\qos\logback\logback-core\1.4.14\logback-core-1.4.14.jar;C:\Users\naeem\.m2\repository\org\apache\logging\log4j\log4j-to-slf4j\2.21.1\log4j-to-slf4j-2.21.1.jar;C:\Users\naeem\.m2\repository\org\apache\logging\log4j\log4j-api\2.21.1\log4j-api-2.21.1.jar;C:\Users\naeem\.m2\repository\org\slf4j\jul-to-slf4j\2.0.12\jul-to-slf4j-2.0.12.jar;C:\Users\naeem\.m2\repository\org\springframework\spring-core\6.1.4\spring-core-6.1.4.jar;C:\Users\naeem\.m2\repository\org\springframework\spring-jcl\6.1.4\spring-jcl-6.1.4.jar
Launcher Type: SUN_STANDARD

[Global flags]
     intx CICompilerCount                          = 3                                         {product} {ergonomic}
     uint ConcGCThreads                            = 1                                         {product} {ergonomic}
     uint G1ConcRefinementThreads                  = 4                                         {product} {ergonomic}
   size_t G1HeapRegionSize                         = 1048576                                   {product} {ergonomic}
    uintx GCDrainStackTargetSize                   = 64                                        {product} {ergonomic}
   size_t InitialHeapSize                          = 62914560                                  {product} {ergonomic}
     bool ManagementServer                         = true                                      {product} {command line}
   size_t MarkStackSize                            = 4194304                                   {product} {ergonomic}
   size_t MaxHeapSize                              = 1006632960                                {product} {ergonomic}
   size_t MaxNewSize                               = 603979776                                 {product} {ergonomic}
   size_t MinHeapDeltaBytes                        = 1048576                                   {product} {ergonomic}
   size_t MinHeapSize                              = 8388608                                   {product} {ergonomic}
    uintx NonProfiledCodeHeapSize                  = 0                                      {pd product} {ergonomic}
     bool ProfileInterpreter                       = false                                  {pd product} {command line}
    uintx ProfiledCodeHeapSize                     = 0                                      {pd product} {ergonomic}
     bool ShowCodeDetailsInExceptionMessages       = true                                   {manageable} {command line}
   size_t SoftMaxHeapSize                          = 1006632960                             {manageable} {ergonomic}
     intx TieredStopAtLevel                        = 1                                         {product} {command line}
     bool UseCompressedClassPointers               = true                           {product lp64_product} {ergonomic}
     bool UseCompressedOops                        = true                           {product lp64_product} {ergonomic}
     bool UseG1GC                                  = true                                      {product} {ergonomic}
     bool UseLargePagesIndividualAllocation        = false                                  {pd product} {ergonomic}

Logging:
Log output configuration:
 #0: stdout all=warning uptime,level,tags foldmultilines=false
 #1: stderr all=off uptime,level,tags foldmultilines=false

Environment Variables:
CLASSPATH=C:\Program Files\Apache Software Foundation\Tomcat 9.0\lib\servlet-api.jar
PATH=C:/Program Files/Java/jdk-20/bin/server;C:/Program Files/Java/jdk-20/bin;C:\Windows\SysWOW64\wbem\WMIC.exe;C:\Program Files\Git\cmd;C:\Program Files\Git\mingw64\bin;"C:\Program Files (x86)\MySQL\mysql-connector-j-8.2.0\mysql-connector-j-8.2.0.jar;";C:\Program Files\nodejs\;C:\Program Files\MySQL\MySQL Shell 8.0\bin\;C:\Program Files\Java\jdk1.8.0_202\bin;C:\Users\OS\AppData\Local\Microsoft\WindowsApps;C:\Users\naeem\AppData\Roaming\npm;C:\Users\naeem\AppData\Local\Programs\Microsoft VS Code\bin;C:\Users\naeem\Downloads\apache-maven-3.9.6-bin.zip\apache-maven-3.9.6\bin;C:\Program Files (x86)\apache-maven-3.9.6-bin\apache-maven-3.9.6\bin;C:\Program Files\MongoDB\Server\7.0\bin;;C:\Users\naeem\OneDrive\Desktop;
USERNAME=naeem
OS=Windows_NT
PROCESSOR_IDENTIFIER=Intel64 Family 6 Model 126 Stepping 5, GenuineIntel
TMP=C:\Users\naeem\AppData\Local\Temp
TEMP=C:\Users\naeem\AppData\Local\Temp




---------------  S Y S T E M  ---------------

OS:
 Windows 11 , 64 bit Build 22621 (10.0.22621.3235)
OS uptime: 1 days 23:21 hours
Hyper-V role detected

CPU: total 4 (initial active 4) (2 cores per cpu, 2 threads per core) family 6 model 126 stepping 5 microcode 0xa6, cx8, cmov, fxsr, ht, mmx, 3dnowpref, sse, sse2, sse3, ssse3, sse4.1, sse4.2, popcnt, lzcnt, tsc, tscinvbit, avx, avx2, aes, erms, clmul, bmi1, bmi2, adx, avx512f, avx512dq, avx512cd, avx512bw, avx512vl, sha, fma, vzeroupper, avx512_vpopcntdq, avx512_vpclmulqdq, avx512_vaes, avx512_vnni, clflush, clflushopt, avx512_vbmi2, avx512_vbmi, hv, rdtscp, rdpid, fsrm, gfni, avx512_bitalg, f16c, avx512_ifma

Memory: 4k page, system-wide physical 3835M (331M free)
TotalPageFile size 15611M (AvailPageFile size 0M)
current process WorkingSet (physical memory assigned to process): 41M, peak: 42M
current process commit charge ("private bytes"): 128M, peak: 128M

vm_info: Java HotSpot(TM) 64-Bit Server VM (20.0.2+9-78) for windows-amd64 JRE (20.0.2+9-78), built on 2023-06-14T10:08:48Z by "mach5one" with MS VC++ 17.1 (VS2022)

END.
